#
# A fatal error has been detected by the Java Runtime Environment:
#
#  EXCEPTION_ACCESS_VIOLATION (0xc0000005) at pc=0x00007ffd56ff7b1c, pid=3240, tid=13676
#
# JRE version: OpenJDK Runtime Environment (11.0.8+10) (build 11.0.8+10-b944.6842174)
# Java VM: OpenJDK 64-Bit Server VM (11.0.8+10-b944.6842174, mixed mode, tiered, compressed oops, g1 gc, windows-amd64)
# Problematic frame:
# V  [jvm.dll+0x1d7b1c]
#
# No core dump will be written. Minidumps are not enabled by default on client versions of Windows
#
# If you would like to submit a bug report, please visit:
#   https://bugreport.java.com/bugreport/crash.jsp
#

---------------  S U M M A R Y ------------

Command Line: --add-opens=java.base/java.util=ALL-UNNAMED --add-opens=java.base/java.lang=ALL-UNNAMED --add-opens=java.base/java.lang.invoke=ALL-UNNAMED --add-opens=java.prefs/java.util.prefs=ALL-UNNAMED -Xmx2048m -Dfile.encoding=UTF-8 -Duser.country=CN -Duser.language=zh -Duser.variant org.gradle.launcher.daemon.bootstrap.GradleDaemon 6.5

Host: Genuine Intel(R) 0000 @ 1.80GHz, 16 cores, 15G,  Windows 10 , 64 bit Build 18362 (10.0.18362.1500)
Time: Sat Jul 10 10:07:55 2021 ?D1¨²¡À¨º¡Á?¨º¡À?? elapsed time: 510 seconds (0d 0h 8m 30s)

---------------  T H R E A D  ---------------

Current thread (0x0000022d1765a000):  JavaThread "C2 CompilerThread4" daemon [_thread_in_native, id=13676, stack(0x000000cc01600000,0x000000cc01700000)]


Current CompileTask:
C2: 510482 18285       4       org.objectweb.asm.ClassReader::readElementValue (1237 bytes)

Stack: [0x000000cc01600000,0x000000cc01700000],  sp=0x000000cc016fbd90,  free space=1007k
Native frames: (J=compiled Java code, j=interpreted, Vv=VM code, C=native code)
V  [jvm.dll+0x1d7b1c]
V  [jvm.dll+0x1faa4d]
V  [jvm.dll+0x2dd45]
V  [jvm.dll+0x5e54fd]
V  [jvm.dll+0x5e3c70]
V  [jvm.dll+0x1f7a53]
V  [jvm.dll+0x1f68d4]
V  [jvm.dll+0x17f32c]
V  [jvm.dll+0x205047]
V  [jvm.dll+0x203891]
V  [jvm.dll+0x6dad3f]
V  [jvm.dll+0x6d3895]
V  [jvm.dll+0x5dd4a6]
C  [ucrtbase.dll+0x210b2]
C  [KERNEL32.DLL+0x17c24]
C  [ntdll.dll+0x6d721]


siginfo: EXCEPTION_ACCESS_VIOLATION (0xc0000005), reading address 0x0000000000000000


Register to memory mapping:

RIP=0x00007ffd56ff7b1c jvm.dll
RAX=0x0000022d0e452f40 points into unknown readable memory: b8 8c 3d 18 2d 02 00 00
RBX=0x0000022d701c14d8 is at code_begin+42200 in 
[CodeBlob (0x0000022d701b6f90)]
Framesize: 0
BufferBlob (0x0000022d701b6f90) used for Compile::Fill_buffer
RCX=0x000000cc016ff090 is pointing into the stack for thread: 0x0000022d1765a000
RDX=0x0 is NULL
RSP=0x000000cc016fbd90 is pointing into the stack for thread: 0x0000022d1765a000
RBP=0x0 is NULL
RSI=0x0000000000000011 is an unknown value
RDI=0x0000022d701c14d8 is at code_begin+42200 in 
[CodeBlob (0x0000022d701b6f90)]
Framesize: 0
BufferBlob (0x0000022d701b6f90) used for Compile::Fill_buffer
R8 =0x0000022d701c14d8 is at code_begin+42200 in 
[CodeBlob (0x0000022d701b6f90)]
Framesize: 0
BufferBlob (0x0000022d701b6f90) used for Compile::Fill_buffer
R9 =0x000000cc016ff090 is pointing into the stack for thread: 0x0000022d1765a000
R10=0x0000000000000005 is an unknown value
R11=0x000000cc016fbdb0 is pointing into the stack for thread: 0x0000022d1765a000
R12=0x0000022d701c1450 is at code_begin+42064 in 
[CodeBlob (0x0000022d701b6f90)]
Framesize: 0
BufferBlob (0x0000022d701b6f90) used for Compile::Fill_buffer
R13=0x0000022d0d528b40 points into unknown readable memory: 20 e6 58 57 fd 7f 00 00
R14=0x000000cc016ff088 is pointing into the stack for thread: 0x0000022d1765a000
R15=0x0000022d0d528b40 points into unknown readable memory: 20 e6 58 57 fd 7f 00 00


Registers:
RAX=0x0000022d0e452f40, RBX=0x0000022d701c14d8, RCX=0x000000cc016ff090, RDX=0x0000000000000000
RSP=0x000000cc016fbd90, RBP=0x0000000000000000, RSI=0x0000000000000011, RDI=0x0000022d701c14d8
R8 =0x0000022d701c14d8, R9 =0x000000cc016ff090, R10=0x0000000000000005, R11=0x000000cc016fbdb0
R12=0x0000022d701c1450, R13=0x0000022d0d528b40, R14=0x000000cc016ff088, R15=0x0000022d0d528b40
RIP=0x00007ffd56ff7b1c, EFLAGS=0x0000000000010206

Top of Stack: (sp=0x000000cc016fbd90)
0x000000cc016fbd90:   000000cc016fbc90 0000000000000000
0x000000cc016fbda0:   00007ffdffffffff 0000022d0d528b40
0x000000cc016fbdb0:   000000cc016fbe60 00007ffd5701aa4d
0x000000cc016fbdc0:   000000cc016fbe60 0000000000000010
0x000000cc016fbdd0:   0000022d701c14d0 ffffffffffffffff
0x000000cc016fbde0:   000000cc00000000 000000cc016fbe50
0x000000cc016fbdf0:   00007ffd5755e4b8 000000cc016ff0e0
0x000000cc016fbe00:   0000022d0f50b5b0 0000000001010101
0x000000cc016fbe10:   0000000000000000 0000000000000000
0x000000cc016fbe20:   0000022d0d528b40 0000000000000000
0x000000cc016fbe30:   000000cc016fbf40 00007ffd56e4dd45
0x000000cc016fbe40:   000000cc016ff088 0000000000000000
0x000000cc016fbe50:   000000cc016fc2f0 0000000000000013
0x000000cc016fbe60:   000000280000001a 0000000000000000
0x000000cc016fbe70:   0000022d00000007 0000022d0e452f40
0x000000cc016fbe80:   0000000000000004 0000000000000010 

Instructions: (pc=0x00007ffd56ff7b1c)
0x00007ffd56ff7a1c:   cc cc cc cc 4c 8b 8a 00 01 00 00 4c 89 89 00 01
0x00007ffd56ff7a2c:   00 00 4d 85 c9 74 25 4d 8b 41 30 4d 8b 49 28 49
0x00007ffd56ff7a3c:   8b c0 48 f7 d8 83 e0 1f 4c 03 c0 45 2b c8 4c 89
0x00007ffd56ff7a4c:   81 08 01 00 00 44 89 89 10 01 00 00 48 8b 42 08
0x00007ffd56ff7a5c:   48 89 41 08 48 8b 42 10 48 89 41 10 48 8b 42 18
0x00007ffd56ff7a6c:   48 89 41 18 48 8b 42 20 48 89 41 20 48 8b 42 40
0x00007ffd56ff7a7c:   48 89 41 40 48 8b 42 58 48 89 41 58 48 8b 42 60
0x00007ffd56ff7a8c:   48 89 41 60 48 8b 42 68 48 89 41 68 48 8b 42 70
0x00007ffd56ff7a9c:   48 89 41 70 48 8b 82 90 00 00 00 48 89 81 90 00
0x00007ffd56ff7aac:   00 00 48 8b 82 a8 00 00 00 48 89 81 a8 00 00 00
0x00007ffd56ff7abc:   48 8b 82 b0 00 00 00 48 89 81 b0 00 00 00 48 8b
0x00007ffd56ff7acc:   82 b8 00 00 00 48 89 81 b8 00 00 00 48 8b 82 c0
0x00007ffd56ff7adc:   00 00 00 48 89 81 c0 00 00 00 48 8b 82 e0 00 00
0x00007ffd56ff7aec:   00 48 89 81 e0 00 00 00 48 8b 82 88 01 00 00 48
0x00007ffd56ff7afc:   89 81 88 01 00 00 c3 cc cc cc cc cc cc cc cc cc
0x00007ffd56ff7b0c:   cc cc cc cc 40 53 48 83 ec 20 4c 8b c9 49 8b d8
0x00007ffd56ff7b1c:   48 63 0a 4c 8b d2 85 c9 78 38 8b c1 83 e0 03 41
0x00007ffd56ff7b2c:   38 41 43 48 8b c1 75 0d 48 c1 f8 02 49 03 01 48
0x00007ffd56ff7b3c:   83 c4 20 5b c3 83 e1 03 48 c1 f8 02 48 8d 14 89
0x00007ffd56ff7b4c:   49 8b 49 48 48 03 d2 48 03 44 d1 08 48 83 c4 20
0x00007ffd56ff7b5c:   5b c3 45 2b 01 49 8b ca 41 0f be 41 43 49 8b 51
0x00007ffd56ff7b6c:   48 41 c1 e0 02 44 0b c0 e8 b7 e7 ee ff 48 8b c3
0x00007ffd56ff7b7c:   48 83 c4 20 5b c3 cc cc cc cc cc cc cc cc cc cc
0x00007ffd56ff7b8c:   cc cc cc cc 48 8b 41 18 33 d2 48 39 41 08 74 05
0x00007ffd56ff7b9c:   8b d0 2b 51 08 48 8b 41 68 48 39 41 58 74 0b 83
0x00007ffd56ff7bac:   c2 1f 83 e2 e0 2b 51 58 03 d0 48 8b 81 b8 00 00
0x00007ffd56ff7bbc:   00 48 39 81 a8 00 00 00 74 13 8d 42 1f 83 e0 e0
0x00007ffd56ff7bcc:   2b 81 a8 00 00 00 03 81 b8 00 00 00 c3 8b c2 c3
0x00007ffd56ff7bdc:   cc cc cc cc 48 83 ec 28 44 0f b6 4a 43 48 8d 41
0x00007ffd56ff7bec:   18 45 33 c0 41 8b d0 48 8b 08 48 39 48 f0 74 08
0x00007ffd56ff7bfc:   41 83 c0 1f 41 83 e0 e0 44 38 48 33 74 31 2b 48
0x00007ffd56ff7c0c:   f0 48 ff c2 44 03 c1 48 83 c0 50 48 83 fa 03 7c 


Stack slot to memory mapping:
stack at sp + 0 slots: 0x000000cc016fbc90 is pointing into the stack for thread: 0x0000022d1765a000
stack at sp + 1 slots: 0x0 is NULL
stack at sp + 2 slots: 0x00007ffdffffffff is an unknown value
stack at sp + 3 slots: 0x0000022d0d528b40 points into unknown readable memory: 20 e6 58 57 fd 7f 00 00
stack at sp + 4 slots: 0x000000cc016fbe60 is pointing into the stack for thread: 0x0000022d1765a000
stack at sp + 5 slots: 0x00007ffd5701aa4d jvm.dll
stack at sp + 6 slots: 0x000000cc016fbe60 is pointing into the stack for thread: 0x0000022d1765a000
stack at sp + 7 slots: 0x0000000000000010 is an unknown value


---------------  P R O C E S S  ---------------

Threads class SMR info:
_java_thread_list=0x0000022d110c42d0, length=56, elements={
0x0000022d6aee0000, 0x0000022d08511000, 0x0000022d0851a800, 0x0000022d08580800,
0x0000022d08582000, 0x0000022d08583000, 0x0000022d08587000, 0x0000022d0858c000,
0x0000022d08710000, 0x0000022d08739800, 0x0000022d09974800, 0x0000022d099d7000,
0x0000022d09aed800, 0x0000022d0a5c5000, 0x0000022d0a5c1000, 0x0000022d0a5c1800,
0x0000022d0d294000, 0x0000022d0d293800, 0x0000022d14286000, 0x0000022d14288800,
0x0000022d14285000, 0x0000022d14289000, 0x0000022d1428a000, 0x0000022d14286800,
0x0000022d14284800, 0x0000022d14290800, 0x0000022d1428e000, 0x0000022d1428c800,
0x0000022d17657800, 0x0000022d1765e000, 0x0000022d1765c000, 0x0000022d1765d000,
0x0000022d1765f800, 0x0000022d17661000, 0x0000022d1765b800, 0x0000022d17662000,
0x0000022d0d297800, 0x0000022d0d298000, 0x0000022d0d299000, 0x0000022d0d29a000,
0x0000022d0d296000, 0x0000022d0d296800, 0x0000022d0d295000, 0x0000022d0d29b800,
0x0000022d0d29d000, 0x0000022d17655800, 0x0000022d17655000, 0x0000022d17656800,
0x0000022d17658000, 0x0000022d17659000, 0x0000022d17653800, 0x0000022d1765a800,
0x0000022d1765a000, 0x0000022d1428b000, 0x0000022d1428b800, 0x0000022d14287800
}

Java Threads: ( => current thread )
  0x0000022d6aee0000 JavaThread "main" [_thread_blocked, id=5940, stack(0x000000cc77b00000,0x000000cc77c00000)]
  0x0000022d08511000 JavaThread "Reference Handler" daemon [_thread_blocked, id=4520, stack(0x000000cc78200000,0x000000cc78300000)]
  0x0000022d0851a800 JavaThread "Finalizer" daemon [_thread_blocked, id=4112, stack(0x000000cc78300000,0x000000cc78400000)]
  0x0000022d08580800 JavaThread "Signal Dispatcher" daemon [_thread_blocked, id=4536, stack(0x000000cc78400000,0x000000cc78500000)]
  0x0000022d08582000 JavaThread "Attach Listener" daemon [_thread_blocked, id=1568, stack(0x000000cc78500000,0x000000cc78600000)]
  0x0000022d08583000 JavaThread "C2 CompilerThread0" daemon [_thread_in_native, id=7156, stack(0x000000cc78600000,0x000000cc78700000)]
  0x0000022d08587000 JavaThread "C1 CompilerThread0" daemon [_thread_blocked, id=8596, stack(0x000000cc78700000,0x000000cc78800000)]
  0x0000022d0858c000 JavaThread "Sweeper thread" daemon [_thread_blocked, id=14124, stack(0x000000cc78800000,0x000000cc78900000)]
  0x0000022d08710000 JavaThread "Common-Cleaner" daemon [_thread_blocked, id=6824, stack(0x000000cc78a00000,0x000000cc78b00000)]
  0x0000022d08739800 JavaThread "Service Thread" daemon [_thread_blocked, id=12832, stack(0x000000cc78b00000,0x000000cc78c00000)]
  0x0000022d09974800 JavaThread "Daemon health stats" [_thread_blocked, id=10276, stack(0x000000cc79600000,0x000000cc79700000)]
  0x0000022d099d7000 JavaThread "Incoming local TCP Connector on port 9330" [_thread_in_native, id=6284, stack(0x000000cc79700000,0x000000cc79800000)]
  0x0000022d09aed800 JavaThread "Daemon periodic checks" [_thread_blocked, id=6272, stack(0x000000cc79900000,0x000000cc79a00000)]
  0x0000022d0a5c5000 JavaThread "Cache worker for journal cache (C:\Users\xlu\.gradle\caches\journal-1)" [_thread_blocked, id=1520, stack(0x000000cc7a100000,0x000000cc7a200000)]
  0x0000022d0a5c1000 JavaThread "File lock request listener" [_thread_in_native, id=7788, stack(0x000000cc7a200000,0x000000cc7a300000)]
  0x0000022d0a5c1800 JavaThread "Cache worker for file hash cache (C:\Users\xlu\.gradle\caches\6.5\fileHashes)" [_thread_blocked, id=9760, stack(0x000000cc7ac00000,0x000000cc7ad00000)]
  0x0000022d0d294000 JavaThread "Cache worker for execution history cache (C:\Users\xlu\.gradle\caches\6.5\executionHistory)" [_thread_blocked, id=5968, stack(0x000000cc7c700000,0x000000cc7c800000)]
  0x0000022d0d293800 JavaThread "Cache worker for file content cache (C:\Users\xlu\.gradle\caches\6.5\fileContent)" [_thread_blocked, id=5932, stack(0x000000cc7c800000,0x000000cc7c900000)]
  0x0000022d14286000 JavaThread "Daemon Thread 2" [_thread_blocked, id=15128, stack(0x000000cc00100000,0x000000cc00200000)]
  0x0000022d14288800 JavaThread "Handler for socket connection from /127.0.0.1:9330 to /127.0.0.1:9782" [_thread_in_native, id=15044, stack(0x000000cc00400000,0x000000cc00500000)]
  0x0000022d14285000 JavaThread "Cancel handler" [_thread_blocked, id=15104, stack(0x000000cc00500000,0x000000cc00600000)]
  0x0000022d14289000 JavaThread "Daemon worker Thread 2" [_thread_blocked, id=1892, stack(0x000000cc00600000,0x000000cc00700000)]
  0x0000022d1428a000 JavaThread "Asynchronous log dispatcher for DefaultDaemonConnection: socket connection from /127.0.0.1:9330 to /127.0.0.1:9782" [_thread_blocked, id=4220, stack(0x000000cc00700000,0x000000cc00800000)]
  0x0000022d14286800 JavaThread "Thread-329" [_thread_blocked, id=7720, stack(0x000000cc00900000,0x000000cc00a00000)]
  0x0000022d14284800 JavaThread "Cache worker for file hash cache (X:\JpegX\.gradle\6.5\fileHashes)" [_thread_blocked, id=14076, stack(0x000000cc00a00000,0x000000cc00b00000)]
  0x0000022d14290800 JavaThread "Cache worker for checksums cache (X:\JpegX\.gradle\checksums)" [_thread_blocked, id=7588, stack(0x000000cc00b00000,0x000000cc00c00000)]
  0x0000022d1428e000 JavaThread "Cache worker for cache directory md-supplier (C:\Users\xlu\.gradle\caches\6.5\md-supplier)" [_thread_blocked, id=7236, stack(0x000000cc00c00000,0x000000cc00d00000)]
  0x0000022d1428c800 JavaThread "Cache worker for cache directory md-rule (C:\Users\xlu\.gradle\caches\6.5\md-rule)" [_thread_blocked, id=4876, stack(0x000000cc00d00000,0x000000cc00e00000)]
  0x0000022d17657800 JavaThread "Cache worker for Build Output Cleanup Cache (X:\JpegX\.gradle\buildOutputCleanup)" [_thread_blocked, id=9692, stack(0x000000cc01b00000,0x000000cc01c00000)]
  0x0000022d1765e000 JavaThread "Build operations" [_thread_blocked, id=13860, stack(0x000000cc01f00000,0x000000cc02000000)]
  0x0000022d1765c000 JavaThread "Build operations Thread 2" [_thread_blocked, id=5860, stack(0x000000cc02000000,0x000000cc02100000)]
  0x0000022d1765d000 JavaThread "Build operations Thread 3" [_thread_blocked, id=13980, stack(0x000000cc02100000,0x000000cc02200000)]
  0x0000022d1765f800 JavaThread "Build operations Thread 4" [_thread_blocked, id=1320, stack(0x000000cc02200000,0x000000cc02300000)]
  0x0000022d17661000 JavaThread "Build operations Thread 5" [_thread_blocked, id=12736, stack(0x000000cc02300000,0x000000cc02400000)]
  0x0000022d1765b800 JavaThread "Build operations Thread 6" [_thread_blocked, id=15176, stack(0x000000cc02400000,0x000000cc02500000)]
  0x0000022d17662000 JavaThread "Build operations Thread 7" [_thread_blocked, id=4572, stack(0x000000cc02500000,0x000000cc02600000)]
  0x0000022d0d297800 JavaThread "Build operations Thread 8" [_thread_blocked, id=15080, stack(0x000000cc02600000,0x000000cc02700000)]
  0x0000022d0d298000 JavaThread "Build operations Thread 9" [_thread_blocked, id=15200, stack(0x000000cc02700000,0x000000cc02800000)]
  0x0000022d0d299000 JavaThread "Build operations Thread 10" [_thread_blocked, id=14420, stack(0x000000cc02800000,0x000000cc02900000)]
  0x0000022d0d29a000 JavaThread "Build operations Thread 11" [_thread_blocked, id=15308, stack(0x000000cc02900000,0x000000cc02a00000)]
  0x0000022d0d296000 JavaThread "Build operations Thread 12" [_thread_blocked, id=13700, stack(0x000000cc02a00000,0x000000cc02b00000)]
  0x0000022d0d296800 JavaThread "Build operations Thread 13" [_thread_blocked, id=15304, stack(0x000000cc02b00000,0x000000cc02c00000)]
  0x0000022d0d295000 JavaThread "Build operations Thread 14" [_thread_blocked, id=14400, stack(0x000000cc02c00000,0x000000cc02d00000)]
  0x0000022d0d29b800 JavaThread "Build operations Thread 15" [_thread_in_Java, id=6292, stack(0x000000cc02d00000,0x000000cc02e00000)]
  0x0000022d0d29d000 JavaThread "Build operations Thread 16" [_thread_blocked, id=8456, stack(0x000000cc02e00000,0x000000cc02f00000)]
  0x0000022d17655800 JavaThread "Memory manager" [_thread_blocked, id=3348, stack(0x000000cc01400000,0x000000cc01500000)]
  0x0000022d17655000 JavaThread "C1 CompilerThread1" daemon [_thread_blocked, id=8116, stack(0x000000cc00800000,0x000000cc00900000)]
  0x0000022d17656800 JavaThread "C2 CompilerThread1" daemon [_thread_in_native, id=8672, stack(0x000000cc00f00000,0x000000cc01000000)]
  0x0000022d17658000 JavaThread "C1 CompilerThread2" daemon [_thread_in_native, id=13072, stack(0x000000cc01000000,0x000000cc01100000)]
  0x0000022d17659000 JavaThread "C2 CompilerThread2" daemon [_thread_in_native, id=8092, stack(0x000000cc01200000,0x000000cc01300000)]
  0x0000022d17653800 JavaThread "C1 CompilerThread3" daemon [_thread_blocked, id=7944, stack(0x000000cc01300000,0x000000cc01400000)]
  0x0000022d1765a800 JavaThread "C2 CompilerThread3" daemon [_thread_in_native, id=11260, stack(0x000000cc01500000,0x000000cc01600000)]
=>0x0000022d1765a000 JavaThread "C2 CompilerThread4" daemon [_thread_in_native, id=13676, stack(0x000000cc01600000,0x000000cc01700000)]
  0x0000022d1428b000 JavaThread "C2 CompilerThread5" daemon [_thread_in_native, id=4504, stack(0x000000cc01700000,0x000000cc01800000)]
  0x0000022d1428b800 JavaThread "C2 CompilerThread6" daemon [_thread_in_native, id=4716, stack(0x000000cc01800000,0x000000cc01900000)]
  0x0000022d14287800 JavaThread "C2 CompilerThread7" daemon [_thread_in_native, id=15296, stack(0x000000cc01900000,0x000000cc01a00000)]

Other Threads:
  0x0000022d0850f000 VMThread "VM Thread" [stack: 0x000000cc78100000,0x000000cc78200000] [id=1244]
  0x0000022d08772800 WatcherThread [stack: 0x000000cc78c00000,0x000000cc78d00000] [id=9380]
  0x0000022d6aefa000 GCTaskThread "GC Thread#0" [stack: 0x000000cc77c00000,0x000000cc77d00000] [id=12964]
  0x0000022d09184800 GCTaskThread "GC Thread#1" [stack: 0x000000cc78f00000,0x000000cc79000000] [id=8312]
  0x0000022d09185800 GCTaskThread "GC Thread#2" [stack: 0x000000cc79000000,0x000000cc79100000] [id=13540]
  0x0000022d093fa800 GCTaskThread "GC Thread#3" [stack: 0x000000cc79100000,0x000000cc79200000] [id=3804]
  0x0000022d093fb000 GCTaskThread "GC Thread#4" [stack: 0x000000cc79200000,0x000000cc79300000] [id=4784]
  0x0000022d093fe000 GCTaskThread "GC Thread#5" [stack: 0x000000cc79300000,0x000000cc79400000] [id=1044]
  0x0000022d0a679800 GCTaskThread "GC Thread#6" [stack: 0x000000cc7a300000,0x000000cc7a400000] [id=9800]
  0x0000022d0abda800 GCTaskThread "GC Thread#7" [stack: 0x000000cc7a400000,0x000000cc7a500000] [id=9812]
  0x0000022d0aef7000 GCTaskThread "GC Thread#8" [stack: 0x000000cc7a500000,0x000000cc7a600000] [id=9672]
  0x0000022d0a99f800 GCTaskThread "GC Thread#9" [stack: 0x000000cc7a600000,0x000000cc7a700000] [id=9788]
  0x0000022d0a81a800 GCTaskThread "GC Thread#10" [stack: 0x000000cc7a700000,0x000000cc7a800000] [id=9804]
  0x0000022d0a77a000 GCTaskThread "GC Thread#11" [stack: 0x000000cc7a800000,0x000000cc7a900000] [id=1052]
  0x0000022d0a886800 GCTaskThread "GC Thread#12" [stack: 0x000000cc7a900000,0x000000cc7aa00000] [id=3136]
  0x0000022d6af2b800 ConcurrentGCThread "G1 Main Marker" [stack: 0x000000cc77d00000,0x000000cc77e00000] [id=7232]
  0x0000022d6af2f000 ConcurrentGCThread "G1 Conc#0" [stack: 0x000000cc77e00000,0x000000cc77f00000] [id=12968]
  0x0000022d09407000 ConcurrentGCThread "G1 Conc#1" [stack: 0x000000cc7aa00000,0x000000cc7ab00000] [id=13888]
  0x0000022d09c93000 ConcurrentGCThread "G1 Conc#2" [stack: 0x000000cc7ab00000,0x000000cc7ac00000] [id=9764]
  0x0000022d07b57000 ConcurrentGCThread "G1 Refine#0" [stack: 0x000000cc77f00000,0x000000cc78000000] [id=1840]
  0x0000022d0cdb5000 ConcurrentGCThread "G1 Refine#1" [stack: 0x000000cc03300000,0x000000cc03400000] [id=15264]
  0x0000022d2484e000 ConcurrentGCThread "G1 Refine#2" [stack: 0x000000cc00000000,0x000000cc00100000] [id=14472]
  0x0000022d2484c000 ConcurrentGCThread "G1 Refine#3" [stack: 0x000000cc00200000,0x000000cc00300000] [id=1148]
  0x0000022d24849000 ConcurrentGCThread "G1 Refine#4" [stack: 0x000000cc00300000,0x000000cc00400000] [id=15324]
  0x0000022d07b58000 ConcurrentGCThread "G1 Young RemSet Sampling" [stack: 0x000000cc78000000,0x000000cc78100000] [id=7848]

Threads with active compile tasks:
C2 CompilerThread0 510528 18294       4       org.gradle.internal.snapshot.AbstractIncompleteSnapshotWithChildren::getSnapshot (15 bytes)
C2 CompilerThread1 510529 18507       4       org.objectweb.asm.signature.SignatureReader::parseType (411 bytes)
C1 CompilerThread2 510529 18523 %     3       org.objectweb.asm.ClassReader::readCode @ 2165 (5089 bytes)
C2 CompilerThread2 510529 18505       4       org.objectweb.asm.ClassReader::readMethod (1047 bytes)
C2 CompilerThread3 510529 18464       4       org.objectweb.asm.commons.Remapper::mapType (123 bytes)
C2 CompilerThread4 510529 18285       4       org.objectweb.asm.ClassReader::readElementValue (1237 bytes)
C2 CompilerThread5 510529 18508       4       org.objectweb.asm.commons.MethodRemapper::remapFrameTypes (78 bytes)
C2 CompilerThread6 510529 18291       4       org.gradle.internal.snapshot.SnapshotUtil::getSnapshotFromChild (41 bytes)
C2 CompilerThread7 510529 18476       4       org.objectweb.asm.ClassReader::readStackMapFrame (535 bytes)

VM state:not at safepoint (normal execution)

VM Mutex/Monitor currently owned by a thread: None

Heap address: 0x0000000080000000, size: 2048 MB, Compressed Oops mode: 32-bit
Narrow klass base: 0x0000000000000000, Narrow klass shift: 3
Compressed class space size: 1073741824 Address: 0x0000000100000000

Heap:
 garbage-first heap   total 262144K, used 170688K [0x0000000080000000, 0x0000000100000000)
  region size 1024K, 51 young (52224K), 5 survivors (5120K)
 Metaspace       used 106242K, capacity 108988K, committed 109164K, reserved 1144832K
  class space    used 12795K, capacity 13728K, committed 13824K, reserved 1048576K
Heap Regions: E=young(eden), S=young(survivor), O=old, HS=humongous(starts), HC=humongous(continues), CS=collection set, F=free, A=archive, TAMS=top-at-mark-start (previous, next)
|   0|0x0000000080000000, 0x0000000080100000, 0x0000000080100000|100%|HS|  |TAMS 0x0000000080100000, 0x0000000080000000| Complete 
|   1|0x0000000080100000, 0x0000000080200000, 0x0000000080200000|100%|HC|  |TAMS 0x0000000080200000, 0x0000000080100000| Complete 
|   2|0x0000000080200000, 0x0000000080300000, 0x0000000080300000|100%| O|  |TAMS 0x0000000080300000, 0x0000000080200000| Untracked 
|   3|0x0000000080300000, 0x0000000080400000, 0x0000000080400000|100%|HS|  |TAMS 0x0000000080400000, 0x0000000080300000| Complete 
|   4|0x0000000080400000, 0x0000000080500000, 0x0000000080500000|100%|HC|  |TAMS 0x0000000080500000, 0x0000000080400000| Complete 
|   5|0x0000000080500000, 0x0000000080600000, 0x0000000080600000|100%|HC|  |TAMS 0x0000000080600000, 0x0000000080500000| Complete 
|   6|0x0000000080600000, 0x0000000080700000, 0x0000000080700000|100%| O|  |TAMS 0x0000000080700000, 0x0000000080600000| Complete 
|   7|0x0000000080700000, 0x0000000080800000, 0x0000000080800000|100%| O|  |TAMS 0x0000000080800000, 0x0000000080700000| Untracked 
|   8|0x0000000080800000, 0x0000000080900000, 0x0000000080900000|100%| O|  |TAMS 0x0000000080900000, 0x0000000080800000| Untracked 
|   9|0x0000000080900000, 0x0000000080a00000, 0x0000000080a00000|100%|HS|  |TAMS 0x0000000080a00000, 0x0000000080900000| Complete 
|  10|0x0000000080a00000, 0x0000000080b00000, 0x0000000080b00000|100%|HC|  |TAMS 0x0000000080b00000, 0x0000000080a00000| Complete 
|  11|0x0000000080b00000, 0x0000000080c00000, 0x0000000080c00000|100%|HC|  |TAMS 0x0000000080c00000, 0x0000000080b00000| Complete 
|  12|0x0000000080c00000, 0x0000000080d00000, 0x0000000080d00000|100%|HS|  |TAMS 0x0000000080d00000, 0x0000000080c00000| Complete 
|  13|0x0000000080d00000, 0x0000000080e00000, 0x0000000080e00000|100%|HC|  |TAMS 0x0000000080e00000, 0x0000000080d00000| Complete 
|  14|0x0000000080e00000, 0x0000000080f00000, 0x0000000080f00000|100%|HC|  |TAMS 0x0000000080f00000, 0x0000000080e00000| Complete 
|  15|0x0000000080f00000, 0x0000000081000000, 0x0000000081000000|100%|HC|  |TAMS 0x0000000081000000, 0x0000000080f00000| Complete 
|  16|0x0000000081000000, 0x0000000081100000, 0x0000000081100000|100%| O|  |TAMS 0x0000000081100000, 0x0000000081000000| Untracked 
|  17|0x0000000081100000, 0x0000000081200000, 0x0000000081200000|100%| O|  |TAMS 0x0000000081200000, 0x0000000081100000| Untracked 
|  18|0x0000000081200000, 0x0000000081300000, 0x0000000081300000|100%| O|  |TAMS 0x0000000081300000, 0x0000000081200000| Untracked 
|  19|0x0000000081300000, 0x0000000081400000, 0x0000000081400000|100%| O|  |TAMS 0x0000000081400000, 0x0000000081300000| Complete 
|  20|0x0000000081400000, 0x0000000081500000, 0x0000000081500000|100%| O|  |TAMS 0x0000000081500000, 0x0000000081400000| Untracked 
|  21|0x0000000081500000, 0x0000000081600000, 0x0000000081600000|100%| O|  |TAMS 0x0000000081600000, 0x0000000081500000| Untracked 
|  22|0x0000000081600000, 0x0000000081700000, 0x0000000081700000|100%| O|  |TAMS 0x0000000081700000, 0x0000000081600000| Untracked 
|  23|0x0000000081700000, 0x0000000081800000, 0x0000000081800000|100%| O|  |TAMS 0x0000000081800000, 0x0000000081700000| Untracked 
|  24|0x0000000081800000, 0x0000000081900000, 0x0000000081900000|100%| O|  |TAMS 0x0000000081900000, 0x0000000081800000| Untracked 
|  25|0x0000000081900000, 0x0000000081a00000, 0x0000000081a00000|100%| O|  |TAMS 0x0000000081a00000, 0x0000000081900000| Complete 
|  26|0x0000000081a00000, 0x0000000081b00000, 0x0000000081b00000|100%| O|  |TAMS 0x0000000081b00000, 0x0000000081a00000| Untracked 
|  27|0x0000000081b00000, 0x0000000081c00000, 0x0000000081c00000|100%| O|  |TAMS 0x0000000081c00000, 0x0000000081b00000| Complete 
|  28|0x0000000081c00000, 0x0000000081d00000, 0x0000000081d00000|100%| O|  |TAMS 0x0000000081d00000, 0x0000000081c00000| Complete 
|  29|0x0000000081d00000, 0x0000000081e00000, 0x0000000081e00000|100%| O|  |TAMS 0x0000000081e00000, 0x0000000081d00000| Untracked 
|  30|0x0000000081e00000, 0x0000000081f00000, 0x0000000081f00000|100%| O|  |TAMS 0x0000000081f00000, 0x0000000081e00000| Complete 
|  31|0x0000000081f00000, 0x0000000082000000, 0x0000000082000000|100%| O|  |TAMS 0x0000000082000000, 0x0000000081f00000| Complete 
|  32|0x0000000082000000, 0x0000000082100000, 0x0000000082100000|100%| O|  |TAMS 0x0000000082100000, 0x0000000082000000| Complete 
|  33|0x0000000082100000, 0x0000000082200000, 0x0000000082200000|100%| O|  |TAMS 0x0000000082200000, 0x0000000082100000| Complete 
|  34|0x0000000082200000, 0x0000000082300000, 0x0000000082300000|100%| O|  |TAMS 0x0000000082300000, 0x0000000082200000| Complete 
|  35|0x0000000082300000, 0x0000000082400000, 0x0000000082400000|100%| O|  |TAMS 0x0000000082400000, 0x0000000082300000| Untracked 
|  36|0x0000000082400000, 0x0000000082500000, 0x0000000082500000|100%| O|  |TAMS 0x0000000082500000, 0x0000000082400000| Untracked 
|  37|0x0000000082500000, 0x0000000082600000, 0x0000000082600000|100%| O|  |TAMS 0x0000000082600000, 0x0000000082500000| Untracked 
|  38|0x0000000082600000, 0x0000000082700000, 0x0000000082700000|100%| O|  |TAMS 0x0000000082700000, 0x0000000082600000| Untracked 
|  39|0x0000000082700000, 0x0000000082800000, 0x0000000082800000|100%| O|  |TAMS 0x0000000082800000, 0x0000000082700000| Complete 
|  40|0x0000000082800000, 0x0000000082900000, 0x0000000082900000|100%| O|  |TAMS 0x0000000082900000, 0x0000000082800000| Untracked 
|  41|0x0000000082900000, 0x0000000082a00000, 0x0000000082a00000|100%| O|  |TAMS 0x0000000082a00000, 0x0000000082900000| Complete 
|  42|0x0000000082a00000, 0x0000000082b00000, 0x0000000082b00000|100%| O|  |TAMS 0x0000000082b00000, 0x0000000082a00000| Complete 
|  43|0x0000000082b00000, 0x0000000082c00000, 0x0000000082c00000|100%| O|  |TAMS 0x0000000082c00000, 0x0000000082b00000| Untracked 
|  44|0x0000000082c00000, 0x0000000082d00000, 0x0000000082d00000|100%| O|  |TAMS 0x0000000082d00000, 0x0000000082c00000| Complete 
|  45|0x0000000082d00000, 0x0000000082e00000, 0x0000000082e00000|100%| O|  |TAMS 0x0000000082e00000, 0x0000000082d00000| Untracked 
|  46|0x0000000082e00000, 0x0000000082f00000, 0x0000000082f00000|100%| O|  |TAMS 0x0000000082f00000, 0x0000000082e00000| Untracked 
|  47|0x0000000082f00000, 0x0000000083000000, 0x0000000083000000|100%| O|  |TAMS 0x0000000083000000, 0x0000000082f00000| Complete 
|  48|0x0000000083000000, 0x0000000083100000, 0x0000000083100000|100%| O|  |TAMS 0x0000000083100000, 0x0000000083000000| Complete 
|  49|0x0000000083100000, 0x0000000083200000, 0x0000000083200000|100%| O|  |TAMS 0x0000000083200000, 0x0000000083100000| Untracked 
|  50|0x0000000083200000, 0x0000000083300000, 0x0000000083300000|100%|HS|  |TAMS 0x0000000083300000, 0x0000000083200000| Complete 
|  51|0x0000000083300000, 0x0000000083400000, 0x0000000083400000|100%| O|  |TAMS 0x0000000083400000, 0x0000000083300000| Complete 
|  52|0x0000000083400000, 0x0000000083500000, 0x0000000083500000|100%|HS|  |TAMS 0x0000000083500000, 0x0000000083400000| Complete 
|  53|0x0000000083500000, 0x0000000083600000, 0x0000000083600000|100%| O|  |TAMS 0x0000000083600000, 0x0000000083500000| Untracked 
|  54|0x0000000083600000, 0x0000000083700000, 0x0000000083700000|100%| O|  |TAMS 0x0000000083700000, 0x0000000083600000| Untracked 
|  55|0x0000000083700000, 0x0000000083800000, 0x0000000083800000|100%| O|  |TAMS 0x0000000083800000, 0x0000000083700000| Untracked 
|  56|0x0000000083800000, 0x0000000083900000, 0x0000000083900000|100%| O|  |TAMS 0x0000000083900000, 0x0000000083800000| Complete 
|  57|0x0000000083900000, 0x0000000083a00000, 0x0000000083a00000|100%|HS|  |TAMS 0x0000000083a00000, 0x0000000083900000| Complete 
|  58|0x0000000083a00000, 0x0000000083b00000, 0x0000000083b00000|100%|HC|  |TAMS 0x0000000083b00000, 0x0000000083a00000| Complete 
|  59|0x0000000083b00000, 0x0000000083c00000, 0x0000000083c00000|100%|HC|  |TAMS 0x0000000083c00000, 0x0000000083b00000| Complete 
|  60|0x0000000083c00000, 0x0000000083d00000, 0x0000000083d00000|100%|HS|  |TAMS 0x0000000083d00000, 0x0000000083c00000| Complete 
|  61|0x0000000083d00000, 0x0000000083e00000, 0x0000000083e00000|100%|HC|  |TAMS 0x0000000083e00000, 0x0000000083d00000| Complete 
|  62|0x0000000083e00000, 0x0000000083f00000, 0x0000000083f00000|100%| O|  |TAMS 0x0000000083f00000, 0x0000000083e00000| Complete 
|  63|0x0000000083f00000, 0x0000000084000000, 0x0000000084000000|100%| O|  |TAMS 0x0000000084000000, 0x0000000083f00000| Untracked 
|  64|0x0000000084000000, 0x0000000084100000, 0x0000000084100000|100%| O|  |TAMS 0x0000000084100000, 0x0000000084000000| Untracked 
|  65|0x0000000084100000, 0x0000000084200000, 0x0000000084200000|100%| O|  |TAMS 0x0000000084200000, 0x0000000084100000| Untracked 
|  66|0x0000000084200000, 0x0000000084300000, 0x0000000084300000|100%| O|  |TAMS 0x0000000084300000, 0x0000000084200000| Untracked 
|  67|0x0000000084300000, 0x0000000084400000, 0x0000000084400000|100%| O|  |TAMS 0x0000000084400000, 0x0000000084300000| Complete 
|  68|0x0000000084400000, 0x0000000084500000, 0x0000000084500000|100%| O|  |TAMS 0x0000000084500000, 0x0000000084400000| Complete 
|  69|0x0000000084500000, 0x0000000084600000, 0x0000000084600000|100%| O|  |TAMS 0x0000000084600000, 0x0000000084500000| Untracked 
|  70|0x0000000084600000, 0x0000000084700000, 0x0000000084700000|100%| O|  |TAMS 0x0000000084700000, 0x0000000084600000| Complete 
|  71|0x0000000084700000, 0x0000000084800000, 0x0000000084800000|100%| O|  |TAMS 0x0000000084800000, 0x0000000084700000| Complete 
|  72|0x0000000084800000, 0x0000000084900000, 0x0000000084900000|100%| O|  |TAMS 0x0000000084900000, 0x0000000084800000| Complete 
|  73|0x0000000084900000, 0x0000000084a00000, 0x0000000084a00000|100%| O|  |TAMS 0x0000000084a00000, 0x0000000084900000| Untracked 
|  74|0x0000000084a00000, 0x0000000084b00000, 0x0000000084b00000|100%| O|  |TAMS 0x0000000084b00000, 0x0000000084a00000| Untracked 
|  75|0x0000000084b00000, 0x0000000084c00000, 0x0000000084c00000|100%| O|  |TAMS 0x0000000084c00000, 0x0000000084b00000| Untracked 
|  76|0x0000000084c00000, 0x0000000084d00000, 0x0000000084d00000|100%| O|  |TAMS 0x0000000084d00000, 0x0000000084c00000| Complete 
|  77|0x0000000084d00000, 0x0000000084e00000, 0x0000000084e00000|100%| O|  |TAMS 0x0000000084e00000, 0x0000000084d00000| Untracked 
|  78|0x0000000084e00000, 0x0000000084f00000, 0x0000000084f00000|100%| O|  |TAMS 0x0000000084f00000, 0x0000000084e00000| Untracked 
|  79|0x0000000084f00000, 0x0000000085000000, 0x0000000085000000|100%| O|  |TAMS 0x0000000085000000, 0x0000000084f00000| Untracked 
|  80|0x0000000085000000, 0x0000000085100000, 0x0000000085100000|100%| O|  |TAMS 0x0000000085100000, 0x0000000085000000| Untracked 
|  81|0x0000000085100000, 0x0000000085200000, 0x0000000085200000|100%| O|  |TAMS 0x0000000085200000, 0x0000000085100000| Untracked 
|  82|0x0000000085200000, 0x0000000085300000, 0x0000000085300000|100%| O|  |TAMS 0x0000000085300000, 0x0000000085200000| Untracked 
|  83|0x0000000085300000, 0x0000000085400000, 0x0000000085400000|100%| O|  |TAMS 0x0000000085400000, 0x0000000085300000| Untracked 
|  84|0x0000000085400000, 0x0000000085500000, 0x0000000085500000|100%| O|  |TAMS 0x0000000085500000, 0x0000000085400000| Complete 
|  85|0x0000000085500000, 0x0000000085600000, 0x0000000085600000|100%| O|  |TAMS 0x0000000085600000, 0x0000000085500000| Complete 
|  86|0x0000000085600000, 0x0000000085700000, 0x0000000085700000|100%| O|  |TAMS 0x0000000085700000, 0x0000000085600000| Complete 
|  87|0x0000000085700000, 0x0000000085800000, 0x0000000085800000|100%| O|  |TAMS 0x0000000085800000, 0x0000000085700000| Complete 
|  88|0x0000000085800000, 0x0000000085900000, 0x0000000085900000|100%| O|  |TAMS 0x0000000085900000, 0x0000000085800000| Untracked 
|  89|0x0000000085900000, 0x0000000085a00000, 0x0000000085a00000|100%| O|  |TAMS 0x0000000085a00000, 0x0000000085900000| Complete 
|  90|0x0000000085a00000, 0x0000000085b00000, 0x0000000085b00000|100%| O|  |TAMS 0x0000000085b00000, 0x0000000085a00000| Untracked 
|  91|0x0000000085b00000, 0x0000000085c00000, 0x0000000085c00000|100%| O|  |TAMS 0x0000000085c00000, 0x0000000085b00000| Complete 
|  92|0x0000000085c00000, 0x0000000085d00000, 0x0000000085d00000|100%| O|  |TAMS 0x0000000085d00000, 0x0000000085c00000| Complete 
|  93|0x0000000085d00000, 0x0000000085e00000, 0x0000000085e00000|100%| O|  |TAMS 0x0000000085e00000, 0x0000000085d00000| Untracked 
|  94|0x0000000085e00000, 0x0000000085f00000, 0x0000000085f00000|100%| O|  |TAMS 0x0000000085f00000, 0x0000000085e00000| Untracked 
|  95|0x0000000085f00000, 0x0000000086000000, 0x0000000086000000|100%| O|  |TAMS 0x0000000086000000, 0x0000000085f00000| Complete 
|  96|0x0000000086000000, 0x0000000086100000, 0x0000000086100000|100%| O|  |TAMS 0x0000000086100000, 0x0000000086000000| Complete 
|  97|0x0000000086100000, 0x0000000086200000, 0x0000000086200000|100%| O|  |TAMS 0x0000000086200000, 0x0000000086100000| Untracked 
|  98|0x0000000086200000, 0x0000000086300000, 0x0000000086300000|100%| O|  |TAMS 0x0000000086300000, 0x0000000086200000| Untracked 
|  99|0x0000000086300000, 0x0000000086400000, 0x0000000086400000|100%| O|  |TAMS 0x0000000086400000, 0x0000000086300000| Complete 
| 100|0x0000000086400000, 0x0000000086500000, 0x0000000086500000|100%| O|  |TAMS 0x0000000086500000, 0x0000000086400000| Complete 
| 101|0x0000000086500000, 0x0000000086600000, 0x0000000086600000|100%| O|  |TAMS 0x0000000086600000, 0x0000000086500000| Untracked 
| 102|0x0000000086600000, 0x0000000086700000, 0x0000000086700000|100%| O|  |TAMS 0x0000000086700000, 0x0000000086600000| Untracked 
| 103|0x0000000086700000, 0x0000000086800000, 0x0000000086800000|100%| O|  |TAMS 0x0000000086800000, 0x0000000086700000| Untracked 
| 104|0x0000000086800000, 0x0000000086900000, 0x0000000086900000|100%| O|  |TAMS 0x0000000086900000, 0x0000000086800000| Complete 
| 105|0x0000000086900000, 0x0000000086a00000, 0x0000000086a00000|100%| O|  |TAMS 0x0000000086a00000, 0x0000000086900000| Untracked 
| 106|0x0000000086a00000, 0x0000000086b00000, 0x0000000086b00000|100%| O|  |TAMS 0x0000000086b00000, 0x0000000086a00000| Untracked 
| 107|0x0000000086b00000, 0x0000000086c00000, 0x0000000086c00000|100%| O|  |TAMS 0x0000000086c00000, 0x0000000086b00000| Untracked 
| 108|0x0000000086c00000, 0x0000000086d00000, 0x0000000086d00000|100%| O|  |TAMS 0x0000000086d00000, 0x0000000086c00000| Untracked 
| 109|0x0000000086d00000, 0x0000000086e00000, 0x0000000086e00000|100%| O|  |TAMS 0x0000000086e00000, 0x0000000086d00000| Untracked 
| 110|0x0000000086e00000, 0x0000000086f00000, 0x0000000086f00000|100%| O|  |TAMS 0x0000000086f00000, 0x0000000086e00000| Complete 
| 111|0x0000000086f00000, 0x0000000087000000, 0x0000000087000000|100%| O|  |TAMS 0x0000000087000000, 0x0000000086f00000| Untracked 
| 112|0x0000000087000000, 0x0000000087100000, 0x0000000087100000|100%| O|  |TAMS 0x0000000087100000, 0x0000000087000000| Untracked 
| 113|0x0000000087100000, 0x0000000087200000, 0x0000000087200000|100%| O|  |TAMS 0x0000000087200000, 0x0000000087100000| Untracked 
| 114|0x0000000087200000, 0x0000000087300000, 0x0000000087300000|100%| O|  |TAMS 0x0000000087300000, 0x0000000087200000| Untracked 
| 115|0x0000000087300000, 0x0000000087400000, 0x0000000087400000|100%| O|  |TAMS 0x0000000087400000, 0x0000000087300000| Untracked 
| 116|0x0000000087400000, 0x0000000087500000, 0x0000000087500000|100%|HS|  |TAMS 0x0000000087400000, 0x0000000087400000| Complete 
| 117|0x0000000087500000, 0x0000000087500000, 0x0000000087600000|  0%| F|  |TAMS 0x0000000087500000, 0x0000000087500000| Untracked 
| 118|0x0000000087600000, 0x0000000087600000, 0x0000000087700000|  0%| F|  |TAMS 0x0000000087600000, 0x0000000087600000| Untracked 
| 119|0x0000000087700000, 0x0000000087700000, 0x0000000087800000|  0%| F|  |TAMS 0x0000000087700000, 0x0000000087700000| Untracked 
| 120|0x0000000087800000, 0x0000000087800000, 0x0000000087900000|  0%| F|  |TAMS 0x0000000087800000, 0x0000000087800000| Untracked 
| 121|0x0000000087900000, 0x0000000087900000, 0x0000000087a00000|  0%| F|  |TAMS 0x0000000087900000, 0x0000000087900000| Untracked 
| 122|0x0000000087a00000, 0x0000000087a00000, 0x0000000087b00000|  0%| F|  |TAMS 0x0000000087a00000, 0x0000000087a00000| Untracked 
| 123|0x0000000087b00000, 0x0000000087b00000, 0x0000000087c00000|  0%| F|  |TAMS 0x0000000087b00000, 0x0000000087b00000| Untracked 
| 124|0x0000000087c00000, 0x0000000087c00000, 0x0000000087d00000|  0%| F|  |TAMS 0x0000000087c00000, 0x0000000087c00000| Untracked 
| 125|0x0000000087d00000, 0x0000000087d00000, 0x0000000087e00000|  0%| F|  |TAMS 0x0000000087d00000, 0x0000000087d00000| Untracked 
| 126|0x0000000087e00000, 0x0000000087e00000, 0x0000000087f00000|  0%| F|  |TAMS 0x0000000087e00000, 0x0000000087e00000| Untracked 
| 127|0x0000000087f00000, 0x0000000087f00000, 0x0000000088000000|  0%| F|  |TAMS 0x0000000087f00000, 0x0000000087f00000| Untracked 
| 128|0x0000000088000000, 0x0000000088000000, 0x0000000088100000|  0%| F|  |TAMS 0x0000000088000000, 0x0000000088000000| Untracked 
| 129|0x0000000088100000, 0x0000000088100000, 0x0000000088200000|  0%| F|  |TAMS 0x0000000088100000, 0x0000000088100000| Untracked 
| 130|0x0000000088200000, 0x0000000088200000, 0x0000000088300000|  0%| F|  |TAMS 0x0000000088200000, 0x0000000088200000| Untracked 
| 131|0x0000000088300000, 0x0000000088300000, 0x0000000088400000|  0%| F|  |TAMS 0x0000000088300000, 0x0000000088300000| Untracked 
| 132|0x0000000088400000, 0x0000000088400000, 0x0000000088500000|  0%| F|  |TAMS 0x0000000088400000, 0x0000000088400000| Untracked 
| 133|0x0000000088500000, 0x0000000088500000, 0x0000000088600000|  0%| F|  |TAMS 0x0000000088500000, 0x0000000088500000| Untracked 
| 134|0x0000000088600000, 0x0000000088600000, 0x0000000088700000|  0%| F|  |TAMS 0x0000000088600000, 0x0000000088600000| Untracked 
| 135|0x0000000088700000, 0x0000000088700000, 0x0000000088800000|  0%| F|  |TAMS 0x0000000088700000, 0x0000000088700000| Untracked 
| 136|0x0000000088800000, 0x0000000088800000, 0x0000000088900000|  0%| F|  |TAMS 0x0000000088800000, 0x0000000088800000| Untracked 
| 137|0x0000000088900000, 0x0000000088900000, 0x0000000088a00000|  0%| F|  |TAMS 0x0000000088900000, 0x0000000088900000| Untracked 
| 138|0x0000000088a00000, 0x0000000088a00000, 0x0000000088b00000|  0%| F|  |TAMS 0x0000000088a00000, 0x0000000088a00000| Untracked 
| 139|0x0000000088b00000, 0x0000000088b00000, 0x0000000088c00000|  0%| F|  |TAMS 0x0000000088b00000, 0x0000000088b00000| Untracked 
| 140|0x0000000088c00000, 0x0000000088c00000, 0x0000000088d00000|  0%| F|  |TAMS 0x0000000088c00000, 0x0000000088c00000| Untracked 
| 141|0x0000000088d00000, 0x0000000088d00000, 0x0000000088e00000|  0%| F|  |TAMS 0x0000000088d00000, 0x0000000088d00000| Untracked 
| 142|0x0000000088e00000, 0x0000000088e00000, 0x0000000088f00000|  0%| F|  |TAMS 0x0000000088e00000, 0x0000000088e00000| Untracked 
| 143|0x0000000088f00000, 0x0000000088f00000, 0x0000000089000000|  0%| F|  |TAMS 0x0000000088f00000, 0x0000000088f00000| Untracked 
| 144|0x0000000089000000, 0x0000000089000000, 0x0000000089100000|  0%| F|  |TAMS 0x0000000089000000, 0x0000000089000000| Untracked 
| 145|0x0000000089100000, 0x0000000089100000, 0x0000000089200000|  0%| F|  |TAMS 0x0000000089100000, 0x0000000089100000| Untracked 
| 146|0x0000000089200000, 0x0000000089200000, 0x0000000089300000|  0%| F|  |TAMS 0x0000000089200000, 0x0000000089200000| Untracked 
| 147|0x0000000089300000, 0x0000000089300000, 0x0000000089400000|  0%| F|  |TAMS 0x0000000089300000, 0x0000000089300000| Untracked 
| 148|0x0000000089400000, 0x0000000089400000, 0x0000000089500000|  0%| F|  |TAMS 0x0000000089400000, 0x0000000089400000| Untracked 
| 149|0x0000000089500000, 0x0000000089500000, 0x0000000089600000|  0%| F|  |TAMS 0x0000000089500000, 0x0000000089500000| Untracked 
| 150|0x0000000089600000, 0x0000000089600000, 0x0000000089700000|  0%| F|  |TAMS 0x0000000089600000, 0x0000000089600000| Untracked 
| 151|0x0000000089700000, 0x0000000089700000, 0x0000000089800000|  0%| F|  |TAMS 0x0000000089700000, 0x0000000089700000| Untracked 
| 152|0x0000000089800000, 0x0000000089800000, 0x0000000089900000|  0%| F|  |TAMS 0x0000000089800000, 0x0000000089800000| Untracked 
| 153|0x0000000089900000, 0x0000000089900000, 0x0000000089a00000|  0%| F|  |TAMS 0x0000000089900000, 0x0000000089900000| Untracked 
| 154|0x0000000089a00000, 0x0000000089a00000, 0x0000000089b00000|  0%| F|  |TAMS 0x0000000089a00000, 0x0000000089a00000| Untracked 
| 155|0x0000000089b00000, 0x0000000089b00000, 0x0000000089c00000|  0%| F|  |TAMS 0x0000000089b00000, 0x0000000089b00000| Untracked 
| 156|0x0000000089c00000, 0x0000000089c00000, 0x0000000089d00000|  0%| F|  |TAMS 0x0000000089c00000, 0x0000000089c00000| Untracked 
| 157|0x0000000089d00000, 0x0000000089d00000, 0x0000000089e00000|  0%| F|  |TAMS 0x0000000089d00000, 0x0000000089d00000| Untracked 
| 158|0x0000000089e00000, 0x0000000089e00000, 0x0000000089f00000|  0%| F|  |TAMS 0x0000000089e00000, 0x0000000089e00000| Untracked 
| 159|0x0000000089f00000, 0x0000000089f00000, 0x000000008a000000|  0%| F|  |TAMS 0x0000000089f00000, 0x0000000089f00000| Untracked 
| 160|0x000000008a000000, 0x000000008a000000, 0x000000008a100000|  0%| F|  |TAMS 0x000000008a000000, 0x000000008a000000| Untracked 
| 161|0x000000008a100000, 0x000000008a100000, 0x000000008a200000|  0%| F|  |TAMS 0x000000008a100000, 0x000000008a100000| Untracked 
| 162|0x000000008a200000, 0x000000008a200000, 0x000000008a300000|  0%| F|  |TAMS 0x000000008a200000, 0x000000008a200000| Untracked 
| 163|0x000000008a300000, 0x000000008a300000, 0x000000008a400000|  0%| F|  |TAMS 0x000000008a300000, 0x000000008a300000| Untracked 
| 164|0x000000008a400000, 0x000000008a400000, 0x000000008a500000|  0%| F|  |TAMS 0x000000008a400000, 0x000000008a400000| Untracked 
| 165|0x000000008a500000, 0x000000008a500000, 0x000000008a600000|  0%| F|  |TAMS 0x000000008a500000, 0x000000008a500000| Untracked 
| 166|0x000000008a600000, 0x000000008a600000, 0x000000008a700000|  0%| F|  |TAMS 0x000000008a600000, 0x000000008a600000| Untracked 
| 167|0x000000008a700000, 0x000000008a700000, 0x000000008a800000|  0%| F|  |TAMS 0x000000008a700000, 0x000000008a700000| Untracked 
| 168|0x000000008a800000, 0x000000008a800000, 0x000000008a900000|  0%| F|  |TAMS 0x000000008a800000, 0x000000008a800000| Untracked 
| 169|0x000000008a900000, 0x000000008a900000, 0x000000008aa00000|  0%| F|  |TAMS 0x000000008a900000, 0x000000008a900000| Untracked 
| 170|0x000000008aa00000, 0x000000008aa00000, 0x000000008ab00000|  0%| F|  |TAMS 0x000000008aa00000, 0x000000008aa00000| Untracked 
| 171|0x000000008ab00000, 0x000000008ab00000, 0x000000008ac00000|  0%| F|  |TAMS 0x000000008ab00000, 0x000000008ab00000| Untracked 
| 172|0x000000008ac00000, 0x000000008ac00000, 0x000000008ad00000|  0%| F|  |TAMS 0x000000008ac00000, 0x000000008ac00000| Untracked 
| 173|0x000000008ad00000, 0x000000008ad00000, 0x000000008ae00000|  0%| F|  |TAMS 0x000000008ad00000, 0x000000008ad00000| Untracked 
| 174|0x000000008ae00000, 0x000000008ae00000, 0x000000008af00000|  0%| F|  |TAMS 0x000000008ae00000, 0x000000008ae00000| Untracked 
| 175|0x000000008af00000, 0x000000008af00000, 0x000000008b000000|  0%| F|  |TAMS 0x000000008af00000, 0x000000008af00000| Untracked 
| 176|0x000000008b000000, 0x000000008b000000, 0x000000008b100000|  0%| F|  |TAMS 0x000000008b000000, 0x000000008b000000| Untracked 
| 177|0x000000008b100000, 0x000000008b100000, 0x000000008b200000|  0%| F|  |TAMS 0x000000008b100000, 0x000000008b100000| Untracked 
| 178|0x000000008b200000, 0x000000008b200000, 0x000000008b300000|  0%| F|  |TAMS 0x000000008b200000, 0x000000008b200000| Untracked 
| 179|0x000000008b300000, 0x000000008b300000, 0x000000008b400000|  0%| F|  |TAMS 0x000000008b300000, 0x000000008b300000| Untracked 
| 180|0x000000008b400000, 0x000000008b400000, 0x000000008b500000|  0%| F|  |TAMS 0x000000008b400000, 0x000000008b400000| Untracked 
| 181|0x000000008b500000, 0x000000008b500000, 0x000000008b600000|  0%| F|  |TAMS 0x000000008b500000, 0x000000008b500000| Untracked 
| 182|0x000000008b600000, 0x000000008b600000, 0x000000008b700000|  0%| F|  |TAMS 0x000000008b600000, 0x000000008b600000| Untracked 
| 183|0x000000008b700000, 0x000000008b700000, 0x000000008b800000|  0%| F|  |TAMS 0x000000008b700000, 0x000000008b700000| Untracked 
| 184|0x000000008b800000, 0x000000008b800000, 0x000000008b900000|  0%| F|  |TAMS 0x000000008b800000, 0x000000008b800000| Untracked 
| 185|0x000000008b900000, 0x000000008b900000, 0x000000008ba00000|  0%| F|  |TAMS 0x000000008b900000, 0x000000008b900000| Untracked 
| 186|0x000000008ba00000, 0x000000008ba00000, 0x000000008bb00000|  0%| F|  |TAMS 0x000000008ba00000, 0x000000008ba00000| Untracked 
| 187|0x000000008bb00000, 0x000000008bb00000, 0x000000008bc00000|  0%| F|  |TAMS 0x000000008bb00000, 0x000000008bb00000| Untracked 
| 188|0x000000008bc00000, 0x000000008bc00000, 0x000000008bd00000|  0%| F|  |TAMS 0x000000008bc00000, 0x000000008bc00000| Untracked 
| 189|0x000000008bd00000, 0x000000008bd00000, 0x000000008be00000|  0%| F|  |TAMS 0x000000008bd00000, 0x000000008bd00000| Untracked 
| 190|0x000000008be00000, 0x000000008be00000, 0x000000008bf00000|  0%| F|  |TAMS 0x000000008be00000, 0x000000008be00000| Untracked 
| 191|0x000000008bf00000, 0x000000008bf00000, 0x000000008c000000|  0%| F|  |TAMS 0x000000008bf00000, 0x000000008bf00000| Untracked 
| 192|0x000000008c000000, 0x000000008c000000, 0x000000008c100000|  0%| F|  |TAMS 0x000000008c000000, 0x000000008c000000| Untracked 
| 193|0x000000008c100000, 0x000000008c100000, 0x000000008c200000|  0%| F|  |TAMS 0x000000008c100000, 0x000000008c100000| Untracked 
| 194|0x000000008c200000, 0x000000008c200000, 0x000000008c300000|  0%| F|  |TAMS 0x000000008c200000, 0x000000008c200000| Untracked 
| 195|0x000000008c300000, 0x000000008c300000, 0x000000008c400000|  0%| F|  |TAMS 0x000000008c300000, 0x000000008c300000| Untracked 
| 196|0x000000008c400000, 0x000000008c400000, 0x000000008c500000|  0%| F|  |TAMS 0x000000008c400000, 0x000000008c400000| Untracked 
| 197|0x000000008c500000, 0x000000008c500000, 0x000000008c600000|  0%| F|  |TAMS 0x000000008c500000, 0x000000008c500000| Untracked 
| 198|0x000000008c600000, 0x000000008c600000, 0x000000008c700000|  0%| F|  |TAMS 0x000000008c600000, 0x000000008c600000| Untracked 
| 199|0x000000008c700000, 0x000000008c700000, 0x000000008c800000|  0%| F|  |TAMS 0x000000008c700000, 0x000000008c700000| Untracked 
| 200|0x000000008c800000, 0x000000008c880800, 0x000000008c900000| 50%| E|  |TAMS 0x000000008c800000, 0x000000008c800000| Complete 
| 201|0x000000008c900000, 0x000000008ca00000, 0x000000008ca00000|100%| E|CS|TAMS 0x000000008c900000, 0x000000008c900000| Complete 
| 202|0x000000008ca00000, 0x000000008cb00000, 0x000000008cb00000|100%| E|CS|TAMS 0x000000008ca00000, 0x000000008ca00000| Complete 
| 203|0x000000008cb00000, 0x000000008cc00000, 0x000000008cc00000|100%| E|CS|TAMS 0x000000008cb00000, 0x000000008cb00000| Complete 
| 204|0x000000008cc00000, 0x000000008cd00000, 0x000000008cd00000|100%| E|CS|TAMS 0x000000008cc00000, 0x000000008cc00000| Complete 
| 205|0x000000008cd00000, 0x000000008ce00000, 0x000000008ce00000|100%| E|CS|TAMS 0x000000008cd00000, 0x000000008cd00000| Complete 
| 206|0x000000008ce00000, 0x000000008cf00000, 0x000000008cf00000|100%| E|CS|TAMS 0x000000008ce00000, 0x000000008ce00000| Complete 
| 207|0x000000008cf00000, 0x000000008d000000, 0x000000008d000000|100%| E|CS|TAMS 0x000000008cf00000, 0x000000008cf00000| Complete 
| 208|0x000000008d000000, 0x000000008d100000, 0x000000008d100000|100%| E|CS|TAMS 0x000000008d000000, 0x000000008d000000| Complete 
| 209|0x000000008d100000, 0x000000008d200000, 0x000000008d200000|100%| E|CS|TAMS 0x000000008d100000, 0x000000008d100000| Complete 
| 210|0x000000008d200000, 0x000000008d300000, 0x000000008d300000|100%| E|CS|TAMS 0x000000008d200000, 0x000000008d200000| Complete 
| 211|0x000000008d300000, 0x000000008d400000, 0x000000008d400000|100%| E|CS|TAMS 0x000000008d300000, 0x000000008d300000| Complete 
| 212|0x000000008d400000, 0x000000008d500000, 0x000000008d500000|100%| E|CS|TAMS 0x000000008d400000, 0x000000008d400000| Complete 
| 213|0x000000008d500000, 0x000000008d600000, 0x000000008d600000|100%| E|CS|TAMS 0x000000008d500000, 0x000000008d500000| Complete 
| 214|0x000000008d600000, 0x000000008d700000, 0x000000008d700000|100%| E|CS|TAMS 0x000000008d600000, 0x000000008d600000| Complete 
| 215|0x000000008d700000, 0x000000008d800000, 0x000000008d800000|100%| E|CS|TAMS 0x000000008d700000, 0x000000008d700000| Complete 
| 216|0x000000008d800000, 0x000000008d900000, 0x000000008d900000|100%| E|CS|TAMS 0x000000008d800000, 0x000000008d800000| Complete 
| 217|0x000000008d900000, 0x000000008da00000, 0x000000008da00000|100%| E|CS|TAMS 0x000000008d900000, 0x000000008d900000| Complete 
| 218|0x000000008da00000, 0x000000008db00000, 0x000000008db00000|100%| E|CS|TAMS 0x000000008da00000, 0x000000008da00000| Complete 
| 219|0x000000008db00000, 0x000000008dc00000, 0x000000008dc00000|100%| E|CS|TAMS 0x000000008db00000, 0x000000008db00000| Complete 
| 220|0x000000008dc00000, 0x000000008dd00000, 0x000000008dd00000|100%| E|CS|TAMS 0x000000008dc00000, 0x000000008dc00000| Complete 
| 221|0x000000008dd00000, 0x000000008de00000, 0x000000008de00000|100%| E|CS|TAMS 0x000000008dd00000, 0x000000008dd00000| Complete 
| 222|0x000000008de00000, 0x000000008df00000, 0x000000008df00000|100%| E|CS|TAMS 0x000000008de00000, 0x000000008de00000| Complete 
| 223|0x000000008df00000, 0x000000008e000000, 0x000000008e000000|100%| E|CS|TAMS 0x000000008df00000, 0x000000008df00000| Complete 
| 224|0x000000008e000000, 0x000000008e100000, 0x000000008e100000|100%| E|CS|TAMS 0x000000008e000000, 0x000000008e000000| Complete 
| 225|0x000000008e100000, 0x000000008e200000, 0x000000008e200000|100%| E|CS|TAMS 0x000000008e100000, 0x000000008e100000| Complete 
| 226|0x000000008e200000, 0x000000008e300000, 0x000000008e300000|100%| E|CS|TAMS 0x000000008e200000, 0x000000008e200000| Complete 
| 227|0x000000008e300000, 0x000000008e400000, 0x000000008e400000|100%| E|CS|TAMS 0x000000008e300000, 0x000000008e300000| Complete 
| 228|0x000000008e400000, 0x000000008e4b0360, 0x000000008e500000| 68%| S|CS|TAMS 0x000000008e400000, 0x000000008e400000| Complete 
| 229|0x000000008e500000, 0x000000008e600000, 0x000000008e600000|100%| S|CS|TAMS 0x000000008e500000, 0x000000008e500000| Complete 
| 230|0x000000008e600000, 0x000000008e700000, 0x000000008e700000|100%| S|CS|TAMS 0x000000008e600000, 0x000000008e600000| Complete 
| 231|0x000000008e700000, 0x000000008e800000, 0x000000008e800000|100%| S|CS|TAMS 0x000000008e700000, 0x000000008e700000| Complete 
| 232|0x000000008e800000, 0x000000008e900000, 0x000000008e900000|100%| S|CS|TAMS 0x000000008e800000, 0x000000008e800000| Complete 
| 233|0x000000008e900000, 0x000000008ea00000, 0x000000008ea00000|100%| E|CS|TAMS 0x000000008e900000, 0x000000008e900000| Complete 
| 234|0x000000008ea00000, 0x000000008eb00000, 0x000000008eb00000|100%| E|CS|TAMS 0x000000008ea00000, 0x000000008ea00000| Complete 
| 235|0x000000008eb00000, 0x000000008ec00000, 0x000000008ec00000|100%| E|CS|TAMS 0x000000008eb00000, 0x000000008eb00000| Complete 
| 236|0x000000008ec00000, 0x000000008ed00000, 0x000000008ed00000|100%| E|CS|TAMS 0x000000008ec00000, 0x000000008ec00000| Complete 
| 237|0x000000008ed00000, 0x000000008ee00000, 0x000000008ee00000|100%| E|CS|TAMS 0x000000008ed00000, 0x000000008ed00000| Complete 
| 238|0x000000008ee00000, 0x000000008ef00000, 0x000000008ef00000|100%| E|CS|TAMS 0x000000008ee00000, 0x000000008ee00000| Complete 
| 239|0x000000008ef00000, 0x000000008f000000, 0x000000008f000000|100%| E|CS|TAMS 0x000000008ef00000, 0x000000008ef00000| Complete 
| 240|0x000000008f000000, 0x000000008f100000, 0x000000008f100000|100%| E|CS|TAMS 0x000000008f000000, 0x000000008f000000| Complete 
| 241|0x000000008f100000, 0x000000008f200000, 0x000000008f200000|100%| E|CS|TAMS 0x000000008f100000, 0x000000008f100000| Complete 
| 242|0x000000008f200000, 0x000000008f300000, 0x000000008f300000|100%| E|CS|TAMS 0x000000008f200000, 0x000000008f200000| Complete 
| 243|0x000000008f300000, 0x000000008f400000, 0x000000008f400000|100%| E|CS|TAMS 0x000000008f300000, 0x000000008f300000| Complete 
| 244|0x000000008f400000, 0x000000008f500000, 0x000000008f500000|100%| E|CS|TAMS 0x000000008f400000, 0x000000008f400000| Complete 
| 245|0x000000008f500000, 0x000000008f600000, 0x000000008f600000|100%| E|CS|TAMS 0x000000008f500000, 0x000000008f500000| Complete 
| 246|0x000000008f600000, 0x000000008f700000, 0x000000008f700000|100%| E|CS|TAMS 0x000000008f600000, 0x000000008f600000| Complete 
| 247|0x000000008f700000, 0x000000008f800000, 0x000000008f800000|100%| E|CS|TAMS 0x000000008f700000, 0x000000008f700000| Complete 
| 248|0x000000008f800000, 0x000000008f900000, 0x000000008f900000|100%| E|CS|TAMS 0x000000008f800000, 0x000000008f800000| Complete 
| 249|0x000000008f900000, 0x000000008fa00000, 0x000000008fa00000|100%| E|CS|TAMS 0x000000008f900000, 0x000000008f900000| Complete 
| 250|0x000000008fa00000, 0x000000008fb00000, 0x000000008fb00000|100%| E|CS|TAMS 0x000000008fa00000, 0x000000008fa00000| Complete 
| 251|0x000000008fb00000, 0x000000008fc00000, 0x000000008fc00000|100%| E|CS|TAMS 0x000000008fb00000, 0x000000008fb00000| Complete 
| 252|0x000000008fc00000, 0x000000008fd00000, 0x000000008fd00000|100%| E|CS|TAMS 0x000000008fc00000, 0x000000008fc00000| Complete 
| 253|0x000000008fd00000, 0x000000008fe00000, 0x000000008fe00000|100%| E|CS|TAMS 0x000000008fd00000, 0x000000008fd00000| Complete 
| 254|0x000000008fe00000, 0x000000008ff00000, 0x000000008ff00000|100%| E|CS|TAMS 0x000000008fe00000, 0x000000008fe00000| Complete 
| 255|0x000000008ff00000, 0x0000000090000000, 0x0000000090000000|100%| E|CS|TAMS 0x000000008ff00000, 0x000000008ff00000| Complete 

Card table byte_map: [0x0000022d00400000,0x0000022d00800000] _byte_map_base: 0x0000022d00000000

Marking Bits (Prev, Next): (CMBitMap*) 0x0000022d6af229b0, (CMBitMap*) 0x0000022d6af22978
 Prev Bits: [0x0000022d02c00000, 0x0000022d04c00000)
 Next Bits: [0x0000022d00c00000, 0x0000022d02c00000)

Polling page: 0x0000022d6afb0000

Metaspace:

Usage:
  Non-class:     93.03 MB capacity,    91.26 MB ( 98%) used,     1.51 MB (  2%) free+waste,   261.44 KB ( <1%) overhead. 
      Class:     13.41 MB capacity,    12.50 MB ( 93%) used,   816.71 KB (  6%) free+waste,   116.00 KB ( <1%) overhead. 
       Both:    106.43 MB capacity,   103.75 MB ( 97%) used,     2.31 MB (  2%) free+waste,   377.44 KB ( <1%) overhead. 

Virtual space:
  Non-class space:       94.00 MB reserved,      93.11 MB (>99%) committed 
      Class space:        1.00 GB reserved,      13.50 MB (  1%) committed 
             Both:        1.09 GB reserved,     106.61 MB ( 10%) committed 

Chunk freelists:
   Non-Class:  80.00 KB
       Class:  32.00 KB
        Both:  112.00 KB

MaxMetaspaceSize: 17179869184.00 GB
CompressedClassSpaceSize: 1.00 GB

CodeHeap 'non-profiled nmethods': size=119168Kb used=12831Kb max_used=12844Kb free=106337Kb
 bounds [0x0000022d77bf0000, 0x0000022d78880000, 0x0000022d7f050000]
CodeHeap 'profiled nmethods': size=119168Kb used=36009Kb max_used=36051Kb free=83158Kb
 bounds [0x0000022d70790000, 0x0000022d72b00000, 0x0000022d77bf0000]
CodeHeap 'non-nmethods': size=7424Kb used=4056Kb max_used=4146Kb free=3367Kb
 bounds [0x0000022d70050000, 0x0000022d70560000, 0x0000022d70790000]
 total_blobs=16627 nmethods=15679 adapters=852
 compilation: enabled
              stopped_count=0, restarted_count=0
 full_count=0

Compilation events (20 events):
Event: 510.439 Thread 0x0000022d08587000 18494   !   2       com.android.tools.build.jetifier.processor.transform.bytecode.ByteCodeTransformer::runTransform (159 bytes)
Event: 510.439 Thread 0x0000022d17658000 18495       2       com.android.tools.build.jetifier.processor.transform.bytecode.CoreRemapperImpl::<init> (64 bytes)
Event: 510.439 Thread 0x0000022d17655000 18496       2       com.android.tools.build.jetifier.processor.transform.bytecode.asm.CustomRemapper::<init> (16 bytes)
Event: 510.439 Thread 0x0000022d17655000 nmethod 18496 0x0000022d72ad0090 code [0x0000022d72ad0240, 0x0000022d72ad03c8]
Event: 510.439 Thread 0x0000022d17655000 18497       2       com.android.tools.build.jetifier.processor.archive.ArchiveFile::setNewDataSilently (12 bytes)
Event: 510.439 Thread 0x0000022d17658000 nmethod 18495 0x0000022d72ad0490 code [0x0000022d72ad0680, 0x0000022d72ad0b08]
Event: 510.439 Thread 0x0000022d17658000 18498       2       com.android.tools.build.jetifier.processor.transform.bytecode.CoreRemapperImpl::rewritePath (146 bytes)
Event: 510.439 Thread 0x0000022d17653800 18499       2       com.android.tools.build.jetifier.processor.archive.ArchiveFile::updateRelativePath (46 bytes)
Event: 510.440 Thread 0x0000022d17655000 nmethod 18497 0x0000022d72ad0d10 code [0x0000022d72ad0ec0, 0x0000022d72ad1048]
Event: 510.440 Thread 0x0000022d17653800 nmethod 18499 0x0000022d72ad1110 code [0x0000022d72ad1300, 0x0000022d72ad15b8]
Event: 510.440 Thread 0x0000022d17658000 nmethod 18498 0x0000022d72ad1710 code [0x0000022d72ad19c0, 0x0000022d72ad2118]
Event: 510.440 Thread 0x0000022d08587000 nmethod 18494 0x0000022d72ad2590 code [0x0000022d72ad2880, 0x0000022d72ad32a8]
Event: 510.441 Thread 0x0000022d1428b000 nmethod 17819 0x0000022d78837110 code [0x0000022d78837820, 0x0000022d788416a0]
Event: 510.441 Thread 0x0000022d1428b000 18480       4       org.objectweb.asm.MethodWriter::visitFrame (787 bytes)
Event: 510.453 Thread 0x0000022d17655000 18503       2       org.objectweb.asm.SymbolTable::addConstantLongOrDouble (109 bytes)
Event: 510.453 Thread 0x0000022d17655000 nmethod 18503 0x0000022d72ad3910 code [0x0000022d72ad3b00, 0x0000022d72ad3e78]
Event: 510.457 Thread 0x0000022d14287800 nmethod 18365 0x0000022d78848590 code [0x0000022d78848900, 0x0000022d7884c580]
Event: 510.458 Thread 0x0000022d14287800 18476       4       org.objectweb.asm.ClassReader::readStackMapFrame (535 bytes)
Event: 510.472 Thread 0x0000022d17659000 nmethod 18109 0x0000022d7884df10 code [0x0000022d7884ed20, 0x0000022d78857768]
Event: 510.472 Thread 0x0000022d17659000 18505       4       org.objectweb.asm.ClassReader::readMethod (1047 bytes)

GC Heap History (20 events):
Event: 454.436 GC heap before
{Heap before GC invocations=73 (full 0):
 garbage-first heap   total 262144K, used 120823K [0x0000000080000000, 0x0000000100000000)
  region size 1024K, 12 young (12288K), 1 survivors (1024K)
 Metaspace       used 93539K, capacity 96048K, committed 96748K, reserved 1134592K
  class space    used 11110K, capacity 11924K, committed 12160K, reserved 1048576K
}
Event: 454.436 GC heap after
{Heap after GC invocations=74 (full 0):
 garbage-first heap   total 262144K, used 102764K [0x0000000080000000, 0x0000000100000000)
  region size 1024K, 1 young (1024K), 1 survivors (1024K)
 Metaspace       used 93539K, capacity 96048K, committed 96748K, reserved 1134592K
  class space    used 11110K, capacity 11924K, committed 12160K, reserved 1048576K
}
Event: 459.330 GC heap before
{Heap before GC invocations=74 (full 0):
 garbage-first heap   total 262144K, used 219500K [0x0000000080000000, 0x0000000100000000)
  region size 1024K, 115 young (117760K), 1 survivors (1024K)
 Metaspace       used 93539K, capacity 96048K, committed 96748K, reserved 1134592K
  class space    used 11110K, capacity 11924K, committed 12160K, reserved 1048576K
}
Event: 459.331 GC heap after
{Heap after GC invocations=75 (full 0):
 garbage-first heap   total 262144K, used 102756K [0x0000000080000000, 0x0000000100000000)
  region size 1024K, 1 young (1024K), 1 survivors (1024K)
 Metaspace       used 93539K, capacity 96048K, committed 96748K, reserved 1134592K
  class space    used 11110K, capacity 11924K, committed 12160K, reserved 1048576K
}
Event: 463.142 GC heap before
{Heap before GC invocations=75 (full 0):
 garbage-first heap   total 262144K, used 221540K [0x0000000080000000, 0x0000000100000000)
  region size 1024K, 117 young (119808K), 1 survivors (1024K)
 Metaspace       used 93539K, capacity 96048K, committed 96748K, reserved 1134592K
  class space    used 11110K, capacity 11924K, committed 12160K, reserved 1048576K
}
Event: 463.142 GC heap after
{Heap after GC invocations=76 (full 0):
 garbage-first heap   total 262144K, used 102761K [0x0000000080000000, 0x0000000100000000)
  region size 1024K, 1 young (1024K), 1 survivors (1024K)
 Metaspace       used 93539K, capacity 96048K, committed 96748K, reserved 1134592K
  class space    used 11110K, capacity 11924K, committed 12160K, reserved 1048576K
}
Event: 468.207 GC heap before
{Heap before GC invocations=76 (full 0):
 garbage-first heap   total 262144K, used 222569K [0x0000000080000000, 0x0000000100000000)
  region size 1024K, 118 young (120832K), 1 survivors (1024K)
 Metaspace       used 93539K, capacity 96048K, committed 96748K, reserved 1134592K
  class space    used 11110K, capacity 11924K, committed 12160K, reserved 1048576K
}
Event: 468.207 GC heap after
{Heap after GC invocations=77 (full 0):
 garbage-first heap   total 262144K, used 102768K [0x0000000080000000, 0x0000000100000000)
  region size 1024K, 1 young (1024K), 1 survivors (1024K)
 Metaspace       used 93539K, capacity 96048K, committed 96748K, reserved 1134592K
  class space    used 11110K, capacity 11924K, committed 12160K, reserved 1048576K
}
Event: 478.428 GC heap before
{Heap before GC invocations=77 (full 0):
 garbage-first heap   total 262144K, used 224624K [0x0000000080000000, 0x0000000100000000)
  region size 1024K, 120 young (122880K), 1 survivors (1024K)
 Metaspace       used 98447K, capacity 100987K, committed 101228K, reserved 1138688K
  class space    used 11823K, capacity 12675K, committed 12800K, reserved 1048576K
}
Event: 478.430 GC heap after
{Heap after GC invocations=78 (full 0):
 garbage-first heap   total 262144K, used 105892K [0x0000000080000000, 0x0000000100000000)
  region size 1024K, 4 young (4096K), 4 survivors (4096K)
 Metaspace       used 98447K, capacity 100987K, committed 101228K, reserved 1138688K
  class space    used 11823K, capacity 12675K, committed 12800K, reserved 1048576K
}
Event: 499.567 GC heap before
{Heap before GC invocations=78 (full 0):
 garbage-first heap   total 262144K, used 223652K [0x0000000080000000, 0x0000000100000000)
  region size 1024K, 120 young (122880K), 4 survivors (4096K)
 Metaspace       used 103414K, capacity 106064K, committed 106220K, reserved 1142784K
  class space    used 12506K, capacity 13385K, committed 13440K, reserved 1048576K
}
Event: 499.570 GC heap after
{Heap after GC invocations=79 (full 0):
 garbage-first heap   total 262144K, used 111315K [0x0000000080000000, 0x0000000100000000)
  region size 1024K, 9 young (9216K), 9 survivors (9216K)
 Metaspace       used 103414K, capacity 106064K, committed 106220K, reserved 1142784K
  class space    used 12506K, capacity 13385K, committed 13440K, reserved 1048576K
}
Event: 510.073 GC heap before
{Heap before GC invocations=79 (full 0):
 garbage-first heap   total 262144K, used 230099K [0x0000000080000000, 0x0000000100000000)
  region size 1024K, 118 young (120832K), 9 survivors (9216K)
 Metaspace       used 105931K, capacity 108663K, committed 108908K, reserved 1144832K
  class space    used 12794K, capacity 13712K, committed 13824K, reserved 1048576K
}
Event: 510.077 GC heap after
{Heap after GC invocations=80 (full 0):
 garbage-first heap   total 262144K, used 119639K [0x0000000080000000, 0x0000000100000000)
  region size 1024K, 13 young (13312K), 13 survivors (13312K)
 Metaspace       used 105931K, capacity 108663K, committed 108908K, reserved 1144832K
  class space    used 12794K, capacity 13712K, committed 13824K, reserved 1048576K
}
Event: 510.221 GC heap before
{Heap before GC invocations=80 (full 0):
 garbage-first heap   total 262144K, used 219991K [0x0000000080000000, 0x0000000100000000)
  region size 1024K, 112 young (114688K), 13 survivors (13312K)
 Metaspace       used 106141K, capacity 108891K, committed 109164K, reserved 1144832K
  class space    used 12797K, capacity 13717K, committed 13824K, reserved 1048576K
}
Event: 510.225 GC heap after
{Heap after GC invocations=81 (full 0):
 garbage-first heap   total 262144K, used 121228K [0x0000000080000000, 0x0000000100000000)
  region size 1024K, 9 young (9216K), 9 survivors (9216K)
 Metaspace       used 106141K, capacity 108891K, committed 109164K, reserved 1144832K
  class space    used 12797K, capacity 13717K, committed 13824K, reserved 1048576K
}
Event: 510.388 GC heap before
{Heap before GC invocations=81 (full 0):
 garbage-first heap   total 262144K, used 222604K [0x0000000080000000, 0x0000000100000000)
  region size 1024K, 109 young (111616K), 9 survivors (9216K)
 Metaspace       used 106278K, capacity 109054K, committed 109164K, reserved 1144832K
  class space    used 12807K, capacity 13750K, committed 13824K, reserved 1048576K
}
Event: 510.391 GC heap after
{Heap after GC invocations=82 (full 0):
 garbage-first heap   total 262144K, used 122219K [0x0000000080000000, 0x0000000100000000)
  region size 1024K, 4 young (4096K), 4 survivors (4096K)
 Metaspace       used 106278K, capacity 109054K, committed 109164K, reserved 1144832K
  class space    used 12807K, capacity 13750K, committed 13824K, reserved 1048576K
}
Event: 510.433 GC heap before
{Heap before GC invocations=82 (full 0):
 garbage-first heap   total 262144K, used 144747K [0x0000000080000000, 0x0000000100000000)
  region size 1024K, 27 young (27648K), 4 survivors (4096K)
 Metaspace       used 106280K, capacity 109054K, committed 109164K, reserved 1144832K
  class space    used 12807K, capacity 13750K, committed 13824K, reserved 1048576K
}
Event: 510.437 GC heap after
{Heap after GC invocations=83 (full 0):
 garbage-first heap   total 262144K, used 123584K [0x0000000080000000, 0x0000000100000000)
  region size 1024K, 5 young (5120K), 5 survivors (5120K)
 Metaspace       used 106280K, capacity 109054K, committed 109164K, reserved 1144832K
  class space    used 12807K, capacity 13750K, committed 13824K, reserved 1048576K
}

Deoptimization events (20 events):
Event: 510.252 Thread 0x0000022d0d296000 Uncommon trap: trap_request=0xffffff4d fr.pc=0x0000022d7881fb6c relative=0x000000000000022c
Event: 510.252 Thread 0x0000022d0d296000 Uncommon trap: reason=unstable_if action=reinterpret pc=0x0000022d7881fb6c method=org.objectweb.asm.Label.addLineNumber(I)V @ 48 c2
Event: 510.252 Thread 0x0000022d0d296000 DEOPT PACKING pc=0x0000022d7881fb6c sp=0x000000cc02afb4d0
Event: 510.252 Thread 0x0000022d0d296000 DEOPT UNPACKING pc=0x0000022d700774af sp=0x000000cc02afb478 mode 2
Event: 510.362 Thread 0x0000022d0d29b800 Uncommon trap: trap_request=0xffffff4d fr.pc=0x0000022d783fe75c relative=0x000000000000059c
Event: 510.362 Thread 0x0000022d0d29b800 Uncommon trap: reason=unstable_if action=reinterpret pc=0x0000022d783fe75c method=java.lang.String.replace(CC)Ljava/lang/String; @ 9 c2
Event: 510.362 Thread 0x0000022d0d29b800 DEOPT PACKING pc=0x0000022d783fe75c sp=0x000000cc02dfa9d0
Event: 510.362 Thread 0x0000022d0d29b800 DEOPT UNPACKING pc=0x0000022d700774af sp=0x000000cc02dfa970 mode 2
Event: 510.362 Thread 0x0000022d0d29b800 Uncommon trap: trap_request=0xffffff4d fr.pc=0x0000022d787a87c0 relative=0x00000000000002a0
Event: 510.362 Thread 0x0000022d0d29b800 Uncommon trap: reason=unstable_if action=reinterpret pc=0x0000022d787a87c0 method=java.lang.String.indexOf(II)I @ 4 c2
Event: 510.363 Thread 0x0000022d0d29b800 DEOPT PACKING pc=0x0000022d787a87c0 sp=0x000000cc02dfaa90
Event: 510.363 Thread 0x0000022d0d29b800 DEOPT UNPACKING pc=0x0000022d700774af sp=0x000000cc02dfa7d0 mode 2
Event: 510.366 Thread 0x0000022d0d29b800 Uncommon trap: trap_request=0xffffff4d fr.pc=0x0000022d783170c0 relative=0x0000000000000200
Event: 510.366 Thread 0x0000022d0d29b800 Uncommon trap: reason=unstable_if action=reinterpret pc=0x0000022d783170c0 method=java.lang.String.indexOf(II)I @ 4 c2
Event: 510.366 Thread 0x0000022d0d29b800 DEOPT PACKING pc=0x0000022d783170c0 sp=0x000000cc02dfa9b0
Event: 510.367 Thread 0x0000022d0d29b800 DEOPT UNPACKING pc=0x0000022d700774af sp=0x000000cc02dfa8c0 mode 2
Event: 510.367 Thread 0x0000022d0d29b800 Uncommon trap: trap_request=0xffffff4d fr.pc=0x0000022d77c15690 relative=0x00000000000001f0
Event: 510.367 Thread 0x0000022d0d29b800 Uncommon trap: reason=unstable_if action=reinterpret pc=0x0000022d77c15690 method=java.lang.String.indexOf(II)I @ 4 c2
Event: 510.367 Thread 0x0000022d0d29b800 DEOPT PACKING pc=0x0000022d77c15690 sp=0x000000cc02dfa900
Event: 510.367 Thread 0x0000022d0d29b800 DEOPT UNPACKING pc=0x0000022d700774af sp=0x000000cc02dfa8b0 mode 2

Classes redefined (0 events):
No events

Internal exceptions (20 events):
Event: 510.203 Thread 0x0000022d0d296000 Exception <a 'sun/nio/fs/WindowsException'{0x000000008a81c868}> (0x000000008a81c868) thrown at [./src/hotspot/share/prims/jni.cpp, line 615]
Event: 510.208 Thread 0x0000022d0d297800 Exception <a 'sun/nio/fs/WindowsException'{0x000000008a44b2d0}> (0x000000008a44b2d0) thrown at [./src/hotspot/share/prims/jni.cpp, line 615]
Event: 510.253 Thread 0x0000022d0d296000 Exception <a 'sun/nio/fs/WindowsException'{0x000000008ec0cf60}> (0x000000008ec0cf60) thrown at [./src/hotspot/share/prims/jni.cpp, line 615]
Event: 510.255 Thread 0x0000022d0d29a000 Exception <a 'sun/nio/fs/WindowsException'{0x000000008eb153b8}> (0x000000008eb153b8) thrown at [./src/hotspot/share/prims/jni.cpp, line 615]
Event: 510.260 Thread 0x0000022d0d29d000 Exception <a 'sun/nio/fs/WindowsException'{0x000000008eafa618}> (0x000000008eafa618) thrown at [./src/hotspot/share/prims/jni.cpp, line 615]
Event: 510.260 Thread 0x0000022d1765b800 Exception <a 'sun/nio/fs/WindowsException'{0x000000008e90b5e8}> (0x000000008e90b5e8) thrown at [./src/hotspot/share/prims/jni.cpp, line 615]
Event: 510.260 Thread 0x0000022d0d297800 Exception <a 'sun/nio/fs/WindowsException'{0x000000008e93ed90}> (0x000000008e93ed90) thrown at [./src/hotspot/share/prims/jni.cpp, line 615]
Event: 510.263 Thread 0x0000022d1765d000 Exception <a 'sun/nio/fs/WindowsException'{0x000000008e8d11b0}> (0x000000008e8d11b0) thrown at [./src/hotspot/share/prims/jni.cpp, line 615]
Event: 510.265 Thread 0x0000022d17662000 Exception <a 'sun/nio/fs/WindowsException'{0x000000008e9431c8}> (0x000000008e9431c8) thrown at [./src/hotspot/share/prims/jni.cpp, line 615]
Event: 510.266 Thread 0x0000022d1765f800 Exception <a 'sun/nio/fs/WindowsException'{0x000000008eb56de0}> (0x000000008eb56de0) thrown at [./src/hotspot/share/prims/jni.cpp, line 615]
Event: 510.267 Thread 0x0000022d17661000 Exception <a 'sun/nio/fs/WindowsException'{0x000000008eb3b8d0}> (0x000000008eb3b8d0) thrown at [./src/hotspot/share/prims/jni.cpp, line 615]
Event: 510.269 Thread 0x0000022d0d29a000 Exception <a 'sun/nio/fs/WindowsException'{0x000000008ea35c80}> (0x000000008ea35c80) thrown at [./src/hotspot/share/prims/jni.cpp, line 615]
Event: 510.269 Thread 0x0000022d0d296000 Exception <a 'sun/nio/fs/WindowsException'{0x000000008e929990}> (0x000000008e929990) thrown at [./src/hotspot/share/prims/jni.cpp, line 615]
Event: 510.270 Thread 0x0000022d0d295000 Exception <a 'sun/nio/fs/WindowsException'{0x000000008e423808}> (0x000000008e423808) thrown at [./src/hotspot/share/prims/jni.cpp, line 615]
Event: 510.272 Thread 0x0000022d1765b800 Exception <a 'sun/nio/fs/WindowsException'{0x000000008e102bc0}> (0x000000008e102bc0) thrown at [./src/hotspot/share/prims/jni.cpp, line 615]
Event: 510.274 Thread 0x0000022d0d297800 Exception <a 'sun/nio/fs/WindowsException'{0x000000008df21ae0}> (0x000000008df21ae0) thrown at [./src/hotspot/share/prims/jni.cpp, line 615]
Event: 510.283 Thread 0x0000022d0d297800 Exception <a 'sun/nio/fs/WindowsException'{0x000000008d8c6498}> (0x000000008d8c6498) thrown at [./src/hotspot/share/prims/jni.cpp, line 615]
Event: 510.283 Thread 0x0000022d17662000 Exception <a 'sun/nio/fs/WindowsException'{0x000000008d8c9e10}> (0x000000008d8c9e10) thrown at [./src/hotspot/share/prims/jni.cpp, line 615]
Event: 510.345 Thread 0x0000022d1765e000 Exception <a 'sun/nio/fs/WindowsException'{0x000000008b2042c0}> (0x000000008b2042c0) thrown at [./src/hotspot/share/prims/jni.cpp, line 615]
Event: 510.394 Thread 0x0000022d1765b800 Exception <a 'sun/nio/fs/WindowsException'{0x000000008fe8eba8}> (0x000000008fe8eba8) thrown at [./src/hotspot/share/prims/jni.cpp, line 615]

Events (20 events):
Event: 510.275 loading class org/gradle/api/internal/artifacts/transform/CacheableInvocation
Event: 510.275 loading class org/gradle/api/internal/artifacts/transform/CacheableInvocation done
Event: 510.276 loading class com/google/common/collect/DenseImmutableTable$Column
Event: 510.276 loading class com/google/common/collect/DenseImmutableTable$Column done
Event: 510.277 loading class com/google/common/collect/ImmutableMapValues$1
Event: 510.277 loading class com/google/common/collect/ImmutableMapValues$1 done
Event: 510.277 loading class com/google/common/collect/ImmutableMapValues$2
Event: 510.277 loading class com/google/common/collect/ImmutableMapValues$2 done
Event: 510.278 loading class com/google/common/collect/AbstractIterator$State
Event: 510.278 loading class com/google/common/collect/AbstractIterator$State done
Event: 510.278 loading class com/google/common/collect/AbstractIterator$1
Event: 510.278 loading class com/google/common/collect/AbstractIterator$1 done
Event: 510.339 Executing VM operation: RevokeBias
Event: 510.339 Executing VM operation: RevokeBias done
Event: 510.342 Executing VM operation: RevokeBias
Event: 510.343 Executing VM operation: RevokeBias done
Event: 510.388 Executing VM operation: G1CollectForAllocation
Event: 510.391 Executing VM operation: G1CollectForAllocation done
Event: 510.433 Executing VM operation: G1CollectForAllocation
Event: 510.437 Executing VM operation: G1CollectForAllocation done


Dynamic libraries:
0x00007ff785f50000 - 0x00007ff785f5a000 	C:\IDEA\Android\jre\bin\java.exe
0x00007ffda41c0000 - 0x00007ffda43b0000 	C:\windows\SYSTEM32\ntdll.dll
0x00007ffda2d50000 - 0x00007ffda2e02000 	C:\windows\System32\KERNEL32.DLL
0x00007ffda1230000 - 0x00007ffda14d5000 	C:\windows\System32\KERNELBASE.dll
0x00007ffda1f80000 - 0x00007ffda207a000 	C:\windows\System32\ucrtbase.dll
0x00007ffd79a10000 - 0x00007ffd79a29000 	C:\IDEA\Android\jre\bin\jli.dll
0x00007ffd79a70000 - 0x00007ffd79a87000 	C:\IDEA\Android\jre\bin\VCRUNTIME140.dll
0x00007ffda3850000 - 0x00007ffda39e4000 	C:\windows\System32\USER32.dll
0x00007ffda1d10000 - 0x00007ffda1d31000 	C:\windows\System32\win32u.dll
0x00007ffd8b8f0000 - 0x00007ffd8bb74000 	C:\windows\WinSxS\amd64_microsoft.windows.common-controls_6595b64144ccf1df_6.0.18362.1500_none_9e79be6de462295c\COMCTL32.dll
0x00007ffda2d20000 - 0x00007ffda2d46000 	C:\windows\System32\GDI32.dll
0x00007ffda1d40000 - 0x00007ffda1ed8000 	C:\windows\System32\gdi32full.dll
0x00007ffda2ff0000 - 0x00007ffda308e000 	C:\windows\System32\msvcrt.dll
0x00007ffda1ee0000 - 0x00007ffda1f7e000 	C:\windows\System32\msvcp_win.dll
0x00007ffda3db0000 - 0x00007ffda40e6000 	C:\windows\System32\combase.dll
0x00007ffda2300000 - 0x00007ffda241f000 	C:\windows\System32\RPCRT4.dll
0x00007ffda21e0000 - 0x00007ffda2261000 	C:\windows\System32\bcryptPrimitives.dll
0x00007ffda39f0000 - 0x00007ffda3a1e000 	C:\windows\System32\IMM32.DLL
0x00007ffd59130000 - 0x00007ffd591cd000 	C:\IDEA\Android\jre\bin\msvcp140.dll
0x00007ffd56e20000 - 0x00007ffd578dc000 	C:\IDEA\Android\jre\bin\server\jvm.dll
0x00007ffda3d00000 - 0x00007ffda3da3000 	C:\windows\System32\ADVAPI32.dll
0x00007ffda2420000 - 0x00007ffda24b7000 	C:\windows\System32\sechost.dll
0x00007ffda4170000 - 0x00007ffda4178000 	C:\windows\System32\PSAPI.DLL
0x00007ffd9d8c0000 - 0x00007ffd9d8c9000 	C:\windows\SYSTEM32\WSOCK32.dll
0x00007ffd9efb0000 - 0x00007ffd9efd4000 	C:\windows\SYSTEM32\WINMM.dll
0x00007ffd9b840000 - 0x00007ffd9b84a000 	C:\windows\SYSTEM32\VERSION.dll
0x00007ffda2f80000 - 0x00007ffda2fef000 	C:\windows\System32\WS2_32.dll
0x00007ffd9ef80000 - 0x00007ffd9efad000 	C:\windows\SYSTEM32\winmmbase.dll
0x00007ffda11e0000 - 0x00007ffda122a000 	C:\windows\System32\cfgmgr32.dll
0x00007ffda1080000 - 0x00007ffda1091000 	C:\windows\System32\kernel.appcore.dll
0x00007ffd8a4b0000 - 0x00007ffd8a4c1000 	C:\IDEA\Android\jre\bin\verify.dll
0x00007ffd828f0000 - 0x00007ffd82ae4000 	C:\windows\SYSTEM32\DBGHELP.DLL
0x00007ffd82100000 - 0x00007ffd8212a000 	C:\windows\SYSTEM32\dbgcore.DLL
0x00007ffd87a40000 - 0x00007ffd87a69000 	C:\IDEA\Android\jre\bin\java.dll
0x00007ffd9d110000 - 0x00007ffd9d11b000 	C:\IDEA\Android\jre\bin\jimage.dll
0x00007ffd89d20000 - 0x00007ffd89d38000 	C:\IDEA\Android\jre\bin\zip.dll
0x00007ffda3090000 - 0x00007ffda3778000 	C:\windows\System32\SHELL32.dll
0x00007ffda26c0000 - 0x00007ffda2767000 	C:\windows\System32\shcore.dll
0x00007ffda14e0000 - 0x00007ffda1c5b000 	C:\windows\System32\windows.storage.dll
0x00007ffda10a0000 - 0x00007ffda10be000 	C:\windows\System32\profapi.dll
0x00007ffda10e0000 - 0x00007ffda112a000 	C:\windows\System32\powrprof.dll
0x00007ffda1070000 - 0x00007ffda1080000 	C:\windows\System32\UMPDC.dll
0x00007ffda2520000 - 0x00007ffda2572000 	C:\windows\System32\shlwapi.dll
0x00007ffda1190000 - 0x00007ffda11a7000 	C:\windows\System32\cryptsp.dll
0x00007ffd899a0000 - 0x00007ffd899ba000 	C:\IDEA\Android\jre\bin\net.dll
0x00007ffd97ab0000 - 0x00007ffd97baa000 	C:\windows\SYSTEM32\WINHTTP.dll
0x00007ffda08b0000 - 0x00007ffda0917000 	C:\windows\system32\mswsock.dll
0x00007ffd87a20000 - 0x00007ffd87a34000 	C:\IDEA\Android\jre\bin\nio.dll
0x00007ffd79830000 - 0x00007ffd79857000 	C:\Users\xlu\.gradle\native\f6784746aeab05261644944871eae4fe03e0ef1612fff0a4a95f87b438bc6780\windows-amd64\native-platform.dll
0x00007ffd8b090000 - 0x00007ffd8b09a000 	C:\IDEA\Android\jre\bin\management.dll
0x00007ffd8a600000 - 0x00007ffd8a60c000 	C:\IDEA\Android\jre\bin\management_ext.dll
0x00007ffda0430000 - 0x00007ffda0463000 	C:\windows\system32\rsaenh.dll
0x00007ffda11b0000 - 0x00007ffda11d6000 	C:\windows\System32\bcrypt.dll
0x00007ffda0f90000 - 0x00007ffda0fb5000 	C:\windows\SYSTEM32\USERENV.dll
0x00007ffda0a80000 - 0x00007ffda0a8c000 	C:\windows\SYSTEM32\CRYPTBASE.dll
0x00007ffda05c0000 - 0x00007ffda05fa000 	C:\windows\SYSTEM32\IPHLPAPI.DLL
0x00007ffda2270000 - 0x00007ffda2278000 	C:\windows\System32\NSI.dll
0x00007ffd88500000 - 0x00007ffd88516000 	C:\windows\SYSTEM32\dhcpcsvc6.DLL
0x00007ffd95b60000 - 0x00007ffd95b7c000 	C:\windows\SYSTEM32\dhcpcsvc.DLL
0x00007ffda0600000 - 0x00007ffda06cb000 	C:\windows\SYSTEM32\DNSAPI.dll
0x00007ffd88540000 - 0x00007ffd8854b000 	C:\windows\SYSTEM32\WINNSI.DLL
0x00007ffd798c0000 - 0x00007ffd798e7000 	C:\IDEA\Android\jre\bin\sunec.dll
0x00007ffd88450000 - 0x00007ffd8845a000 	C:\Windows\System32\rasadhlp.dll
0x00007ffd95a00000 - 0x00007ffd95a77000 	C:\windows\System32\fwpuclnt.dll
0x00007ffda00b0000 - 0x00007ffda00e1000 	C:\windows\SYSTEM32\ntmarta.dll

dbghelp: loaded successfully - version: 4.0.5 - missing functions: none
symbol engine: initialized successfully - sym options: 0x614 - pdb path: .;C:\IDEA\Android\jre\bin;C:\windows\SYSTEM32;C:\windows\WinSxS\amd64_microsoft.windows.common-controls_6595b64144ccf1df_6.0.18362.1500_none_9e79be6de462295c;C:\IDEA\Android\jre\bin\server;C:\Users\xlu\.gradle\native\f6784746aeab05261644944871eae4fe03e0ef1612fff0a4a95f87b438bc6780\windows-amd64

VM Arguments:
jvm_args: --add-opens=java.base/java.util=ALL-UNNAMED --add-opens=java.base/java.lang=ALL-UNNAMED --add-opens=java.base/java.lang.invoke=ALL-UNNAMED --add-opens=java.prefs/java.util.prefs=ALL-UNNAMED -Xmx2048m -Dfile.encoding=UTF-8 -Duser.country=CN -Duser.language=zh -Duser.variant 
java_command: org.gradle.launcher.daemon.bootstrap.GradleDaemon 6.5
java_class_path (initial): C:\Users\xlu\.gradle\wrapper\dists\gradle-6.5-all\2oz4ud9k3tuxjg84bbf55q0tn\gradle-6.5\lib\gradle-launcher-6.5.jar
Launcher Type: SUN_STANDARD

[Global flags]
     intx CICompilerCount                          = 12                                        {product} {ergonomic}
     uint ConcGCThreads                            = 3                                         {product} {ergonomic}
     uint G1ConcRefinementThreads                  = 13                                        {product} {ergonomic}
   size_t G1HeapRegionSize                         = 1048576                                   {product} {ergonomic}
    uintx GCDrainStackTargetSize                   = 64                                        {product} {ergonomic}
   size_t InitialHeapSize                          = 268435456                                 {product} {ergonomic}
   size_t MarkStackSize                            = 4194304                                   {product} {ergonomic}
   size_t MaxHeapSize                              = 2147483648                                {product} {command line}
   size_t MaxNewSize                               = 1287651328                                {product} {ergonomic}
   size_t MinHeapDeltaBytes                        = 1048576                                   {product} {ergonomic}
    uintx NonNMethodCodeHeapSize                   = 7594288                                {pd product} {ergonomic}
    uintx NonProfiledCodeHeapSize                  = 122031976                              {pd product} {ergonomic}
    uintx ProfiledCodeHeapSize                     = 122031976                              {pd product} {ergonomic}
    uintx ReservedCodeCacheSize                    = 251658240                              {pd product} {ergonomic}
     bool SegmentedCodeCache                       = true                                      {product} {ergonomic}
     bool UseCompressedClassPointers               = true                                 {lp64_product} {ergonomic}
     bool UseCompressedOops                        = true                                 {lp64_product} {ergonomic}
     bool UseG1GC                                  = true                                      {product} {ergonomic}
     bool UseLargePagesIndividualAllocation        = false                                  {pd product} {ergonomic}

Logging:
Log output configuration:
 #0: stdout all=warning uptime,level,tags
 #1: stderr all=off uptime,level,tags

Environment Variables:
JAVA_HOME=C:\IDEA\Java16
CLASSPATH=.;C:\IDEA\Java16\lib;C:\IDEA\Java16\lib\tools.jar
PATH=C:\Program Files\Common Files\Oracle\Java\javapath;C:\windows\system32;C:\windows;C:\windows\System32\Wbem;C:\windows\System32\WindowsPowerShell\v1.0\;C:\windows\System32\OpenSSH\;"C:\IDEA\Java16\bin;C:\IDEA\Java16\jre\bin;";C:\Program Files\dotnet\;C:\IDEA\Android\plugins\Kotlin\kotlinc\bin;C:\Program Files\Git\cmd;C:\Users\xlu\AppData\Local\Android\Sdk\platform-tools;C:\Users\xlu\AppData\Local\Programs\Python\Python39\Scripts\;C:\Users\xlu\AppData\Local\Programs\Python\Python39\;C:\Users\xlu\AppData\Local\Microsoft\WindowsApps;;C:\Users\xlu\AppData\Local\Programs\Microsoft VS Code\bin;C:\IDEA\PyCharm\PyCharm Community Edition 2021.1.2\bin;;C:\IDEA\IntelliJ IDEA Community Edition 2021.1.2\bin;
USERNAME=xlu
OS=Windows_NT
PROCESSOR_IDENTIFIER=Intel64 Family 6 Model 167 Stepping 0, GenuineIntel



---------------  S Y S T E M  ---------------

OS: Windows 10 , 64 bit Build 18362 (10.0.18362.1500)
OS uptime: 0 days 0:37 hours

CPU:total 16 (initial active 16) (8 cores per cpu, 2 threads per core) family 6 model 167 stepping 0, cmov, cx8, fxsr, mmx, sse, sse2, sse3, ssse3, sse4.1, sse4.2, popcnt, avx, avx2, aes, clmul, erms, 3dnowpref, lzcnt, ht, tsc, tscinvbit, bmi1, bmi2, adx, sha, fma

Memory: 4k page, system-wide physical 16265M (8929M free)
TotalPageFile size 17289M (AvailPageFile size 7960M)
current process WorkingSet (physical memory assigned to process): 672M, peak: 726M
current process commit charge ("private bytes"): 719M, peak: 1052M

vm_info: OpenJDK 64-Bit Server VM (11.0.8+10-b944.6842174) for windows-amd64 JRE (11.0.8+10-b944.6842174), built on Sep 19 2020 01:11:42 by "builder" with MS VC++ 14.0 (VS2015)

END.
